This is pdfTeX, Version 3.14159265-2.6-1.40.19 (MiKTeX 2.9.6730) (preloaded format=pdflatex 2018.8.7)  1 JUL 2020 15:44
entering extended mode
**./00_assess_prioritization.tex
(00_assess_prioritization.tex
LaTeX2e <2018-04-01> patch level 5
("C:\Program Files (x86)\MiKTeX 2.9\tex\latex\base\article.cls"
Document Class: article 2014/09/29 v1.4h Standard LaTeX document class
("C:\Program Files (x86)\MiKTeX 2.9\tex\latex\base\size12.clo"
File: size12.clo 2014/09/29 v1.4h Standard LaTeX file (size option)
)
\c@part=\count80
\c@section=\count81
\c@subsection=\count82
\c@subsubsection=\count83
\c@paragraph=\count84
\c@subparagraph=\count85
\c@figure=\count86
\c@table=\count87
\abovecaptionskip=\skip41
\belowcaptionskip=\skip42
\bibindent=\dimen102
) ("C:\Program Files (x86)\MiKTeX 2.9\tex\latex\amsfonts\amssymb.sty"
Package: amssymb 2013/01/14 v3.01 AMS font symbols
("C:\Program Files (x86)\MiKTeX 2.9\tex\latex\amsfonts\amsfonts.sty"
Package: amsfonts 2013/01/14 v3.01 Basic AMSFonts support
\@emptytoks=\toks14
\symAMSa=\mathgroup4
\symAMSb=\mathgroup5
LaTeX Font Info:    Overwriting math alphabet `\mathfrak' in version `bold'
(Font)                  U/euf/m/n --> U/euf/b/n on input line 106.
)) ("C:\Program Files (x86)\MiKTeX 2.9\tex\latex\amsmath\amsmath.sty"
Package: amsmath 2017/09/02 v2.17a AMS math features
\@mathmargin=\skip43
For additional information on amsmath, use the `?' option.
("C:\Program Files (x86)\MiKTeX 2.9\tex\latex\amsmath\amstext.sty"
Package: amstext 2000/06/29 v2.01 AMS text
("C:\Program Files (x86)\MiKTeX 2.9\tex\latex\amsmath\amsgen.sty"
File: amsgen.sty 1999/11/30 v2.0 generic functions
\@emptytoks=\toks15
\ex@=\dimen103
)) ("C:\Program Files (x86)\MiKTeX 2.9\tex\latex\amsmath\amsbsy.sty"
Package: amsbsy 1999/11/29 v1.2d Bold Symbols
\pmbraise@=\dimen104
) ("C:\Program Files (x86)\MiKTeX 2.9\tex\latex\amsmath\amsopn.sty"
Package: amsopn 2016/03/08 v2.02 operator names
)
\inf@bad=\count88
LaTeX Info: Redefining \frac on input line 213.
\uproot@=\count89
\leftroot@=\count90
LaTeX Info: Redefining \overline on input line 375.
\classnum@=\count91
\DOTSCASE@=\count92
LaTeX Info: Redefining \ldots on input line 472.
LaTeX Info: Redefining \dots on input line 475.
LaTeX Info: Redefining \cdots on input line 596.
\Mathstrutbox@=\box26
\strutbox@=\box27
\big@size=\dimen105
LaTeX Font Info:    Redeclaring font encoding OML on input line 712.
LaTeX Font Info:    Redeclaring font encoding OMS on input line 713.
\macc@depth=\count93
\c@MaxMatrixCols=\count94
\dotsspace@=\muskip10
\c@parentequation=\count95
\dspbrk@lvl=\count96
\tag@help=\toks16
\row@=\count97
\column@=\count98
\maxfields@=\count99
\andhelp@=\toks17
\eqnshift@=\dimen106
\alignsep@=\dimen107
\tagshift@=\dimen108
\tagwidth@=\dimen109
\totwidth@=\dimen110
\lineht@=\dimen111
\@envbody=\toks18
\multlinegap=\skip44
\multlinetaggap=\skip45
\mathdisplay@stack=\toks19
LaTeX Info: Redefining \[ on input line 2817.
LaTeX Info: Redefining \] on input line 2818.
) ("C:\Program Files (x86)\MiKTeX 2.9\tex\generic\ifxetex\ifxetex.sty"
Package: ifxetex 2010/09/12 v0.6 Provides ifxetex conditional
) ("C:\Program Files (x86)\MiKTeX 2.9\tex\generic\oberdiek\ifluatex.sty"
Package: ifluatex 2016/05/16 v1.4 Provides the ifluatex switch (HO)
Package ifluatex Info: LuaTeX not detected.
) ("C:\Program Files (x86)\MiKTeX 2.9\tex\latex\base\fixltx2e.sty"
Package: fixltx2e 2016/12/29 v2.1a fixes to LaTeX (obsolete)
Applying: [2015/01/01] Old fixltx2e package on input line 46.

Package fixltx2e Warning: fixltx2e is not required with releases after 2015
(fixltx2e)                All fixes are now in the LaTeX kernel.
(fixltx2e)                See the latexrelease package for details.

Already applied: [0000/00/00] Old fixltx2e package on input line 53.
)
(C:\Users\Chantel.Wetzel\AppData\Roaming\MiKTeX\2.9\tex\latex\upquote\upquote.s
ty
Package: upquote 2012/04/19 v1.3 upright-quote and grave-accent glyphs in verba
tim
)
(C:\Users\Chantel.Wetzel\AppData\Roaming\MiKTeX\2.9\tex\latex\microtype\microty
pe.sty
Package: microtype 2016/05/14 v2.6a Micro-typographical refinements (RS)
("C:\Program Files (x86)\MiKTeX 2.9\tex\latex\graphics\keyval.sty"
Package: keyval 2014/10/28 v1.15 key=value parser (DPC)
\KV@toks@=\toks20
)
\MT@toks=\toks21
\MT@count=\count100
LaTeX Info: Redefining \textls on input line 774.
\MT@outer@kern=\dimen112
LaTeX Info: Redefining \textmicrotypecontext on input line 1310.
\MT@listname@count=\count101

(C:\Users\Chantel.Wetzel\AppData\Roaming\MiKTeX\2.9\tex\latex\microtype\microty
pe-pdftex.def
File: microtype-pdftex.def 2016/05/14 v2.6a Definitions specific to pdftex (RS)

LaTeX Info: Redefining \lsstyle on input line 916.
LaTeX Info: Redefining \lslig on input line 916.
\MT@outer@space=\skip46
)
Package microtype Info: Loading configuration file microtype.cfg.

(C:\Users\Chantel.Wetzel\AppData\Roaming\MiKTeX\2.9\tex\latex\microtype\microty
pe.cfg
File: microtype.cfg 2016/05/14 v2.6a microtype main configuration file (RS)
)) ("C:\Program Files (x86)\MiKTeX 2.9\tex\latex\geometry\geometry.sty"
Package: geometry 2018/04/16 v5.8 Page Geometry
("C:\Program Files (x86)\MiKTeX 2.9\tex\generic\oberdiek\ifpdf.sty"
Package: ifpdf 2017/03/15 v3.2 Provides the ifpdf switch
) ("C:\Program Files (x86)\MiKTeX 2.9\tex\generic\oberdiek\ifvtex.sty"
Package: ifvtex 2016/05/16 v1.6 Detect VTeX and its facilities (HO)
Package ifvtex Info: VTeX not detected.
)
\Gm@cnth=\count102
\Gm@cntv=\count103
\c@Gm@tempcnt=\count104
\Gm@bindingoffset=\dimen113
\Gm@wd@mp=\dimen114
\Gm@odd@mp=\dimen115
\Gm@even@mp=\dimen116
\Gm@layoutwidth=\dimen117
\Gm@layoutheight=\dimen118
\Gm@layouthoffset=\dimen119
\Gm@layoutvoffset=\dimen120
\Gm@dimlist=\toks22
("C:\Program Files (x86)\MiKTeX 2.9\tex\latex\geometry\geometry.cfg")) ("C:\Pro
gram Files (x86)\MiKTeX 2.9\tex\latex\hyperref\hyperref.sty"
Package: hyperref 2018/02/06 v6.86b Hypertext links for LaTeX
("C:\Program Files (x86)\MiKTeX 2.9\tex\generic\oberdiek\hobsub-hyperref.sty"
Package: hobsub-hyperref 2016/05/16 v1.14 Bundle oberdiek, subset hyperref (HO)

("C:\Program Files (x86)\MiKTeX 2.9\tex\generic\oberdiek\hobsub-generic.sty"
Package: hobsub-generic 2016/05/16 v1.14 Bundle oberdiek, subset generic (HO)
Package: hobsub 2016/05/16 v1.14 Construct package bundles (HO)
Package: infwarerr 2016/05/16 v1.4 Providing info/warning/error messages (HO)
Package: ltxcmds 2016/05/16 v1.23 LaTeX kernel commands for general use (HO)
Package hobsub Info: Skipping package `ifluatex' (already loaded).
Package hobsub Info: Skipping package `ifvtex' (already loaded).
Package: intcalc 2016/05/16 v1.2 Expandable calculations with integers (HO)
Package hobsub Info: Skipping package `ifpdf' (already loaded).
Package: etexcmds 2016/05/16 v1.6 Avoid name clashes with e-TeX commands (HO)
Package etexcmds Info: Could not find \expanded.
(etexcmds)             That can mean that you are not using pdfTeX 1.50 or
(etexcmds)             that some package has redefined \expanded.
(etexcmds)             In the latter case, load this package earlier.
Package: kvsetkeys 2016/05/16 v1.17 Key value parser (HO)
Package: kvdefinekeys 2016/05/16 v1.4 Define keys (HO)
Package: pdftexcmds 2018/01/30 v0.27 Utility functions of pdfTeX for LuaTeX (HO
)
Package pdftexcmds Info: LuaTeX not detected.
Package pdftexcmds Info: \pdf@primitive is available.
Package pdftexcmds Info: \pdf@ifprimitive is available.
Package pdftexcmds Info: \pdfdraftmode found.
Package: pdfescape 2016/05/16 v1.14 Implements pdfTeX's escape features (HO)
Package: bigintcalc 2016/05/16 v1.4 Expandable calculations on big integers (HO
)
Package: bitset 2016/05/16 v1.2 Handle bit-vector datatype (HO)
Package: uniquecounter 2016/05/16 v1.3 Provide unlimited unique counter (HO)
)
Package hobsub Info: Skipping package `hobsub' (already loaded).
Package: letltxmacro 2016/05/16 v1.5 Let assignment for LaTeX macros (HO)
Package: hopatch 2016/05/16 v1.3 Wrapper for package hooks (HO)
Package: xcolor-patch 2016/05/16 xcolor patch
Package: atveryend 2016/05/16 v1.9 Hooks at the very end of document (HO)
Package atveryend Info: \enddocument detected (standard20110627).
Package: atbegshi 2016/06/09 v1.18 At begin shipout hook (HO)
Package: refcount 2016/05/16 v3.5 Data extraction from label references (HO)
Package: hycolor 2016/05/16 v1.8 Color options for hyperref/bookmark (HO)
) ("C:\Program Files (x86)\MiKTeX 2.9\tex\latex\oberdiek\auxhook.sty"
Package: auxhook 2016/05/16 v1.4 Hooks for auxiliary files (HO)
) ("C:\Program Files (x86)\MiKTeX 2.9\tex\latex\oberdiek\kvoptions.sty"
Package: kvoptions 2016/05/16 v3.12 Key value format for package options (HO)
)
\@linkdim=\dimen121
\Hy@linkcounter=\count105
\Hy@pagecounter=\count106
("C:\Program Files (x86)\MiKTeX 2.9\tex\latex\hyperref\pd1enc.def"
File: pd1enc.def 2018/02/06 v6.86b Hyperref: PDFDocEncoding definition (HO)
Now handling font encoding PD1 ...
... no UTF-8 mapping file for font encoding PD1
)
\Hy@SavedSpaceFactor=\count107
("C:\Program Files (x86)\MiKTeX 2.9\tex\latex\00miktex\hyperref.cfg"
File: hyperref.cfg 2002/06/06 v1.2 hyperref configuration of TeXLive
)
Package hyperref Info: Hyper figures OFF on input line 4509.
Package hyperref Info: Link nesting OFF on input line 4514.
Package hyperref Info: Hyper index ON on input line 4517.
Package hyperref Info: Plain pages OFF on input line 4524.
Package hyperref Info: Backreferencing OFF on input line 4529.
Package hyperref Info: Implicit mode ON; LaTeX internals redefined.
Package hyperref Info: Bookmarks ON on input line 4762.
\c@Hy@tempcnt=\count108
(C:\Users\Chantel.Wetzel\AppData\Roaming\MiKTeX\2.9\tex\latex\url\url.sty
\Urlmuskip=\muskip11
Package: url 2013/09/16  ver 3.4  Verb mode for urls, etc.
)
LaTeX Info: Redefining \url on input line 5115.
\XeTeXLinkMargin=\dimen122
\Fld@menulength=\count109
\Field@Width=\dimen123
\Fld@charsize=\dimen124
Package hyperref Info: Hyper figures OFF on input line 6369.
Package hyperref Info: Link nesting OFF on input line 6374.
Package hyperref Info: Hyper index ON on input line 6377.
Package hyperref Info: backreferencing OFF on input line 6384.
Package hyperref Info: Link coloring OFF on input line 6389.
Package hyperref Info: Link coloring with OCG OFF on input line 6394.
Package hyperref Info: PDF/A mode OFF on input line 6399.
LaTeX Info: Redefining \ref on input line 6439.
LaTeX Info: Redefining \pageref on input line 6443.
\Hy@abspage=\count110
\c@Item=\count111
\c@Hfootnote=\count112
)
Package hyperref Info: Driver (autodetected): hpdftex.
("C:\Program Files (x86)\MiKTeX 2.9\tex\latex\hyperref\hpdftex.def"
File: hpdftex.def 2018/02/06 v6.86b Hyperref driver for pdfTeX
\Fld@listcount=\count113
\c@bookmark@seq@number=\count114
("C:\Program Files (x86)\MiKTeX 2.9\tex\latex\oberdiek\rerunfilecheck.sty"
Package: rerunfilecheck 2016/05/16 v1.8 Rerun checks for auxiliary files (HO)
Package uniquecounter Info: New unique counter `rerunfilecheck' on input line 2
82.
)
\Hy@SectionHShift=\skip47
)
Package hyperref Info: Option `unicode' set `true' on input line 34.
("C:\Program Files (x86)\MiKTeX 2.9\tex\latex\hyperref\puenc.def"
File: puenc.def 2018/02/06 v6.86b Hyperref: PDF Unicode definition (HO)
Now handling font encoding PU ...
... no UTF-8 mapping file for font encoding PU
)
Package hyperref Info: Option `breaklinks' set `true' on input line 34.

(C:\Users\Chantel.Wetzel\AppData\Roaming\MiKTeX\2.9\tex\latex\titling\titling.s
ty
Package: titling 2009/09/04 v2.1d maketitle typesetting
\thanksmarkwidth=\skip48
\thanksmargin=\skip49
\droptitle=\skip50
) ("C:\Program Files (x86)\MiKTeX 2.9\tex\latex\tools\tabularx.sty"
Package: tabularx 2016/02/03 v2.11b `tabularx' package (DPC)
("C:\Program Files (x86)\MiKTeX 2.9\tex\latex\tools\array.sty"
Package: array 2018/04/30 v2.4h Tabular extension package (FMi)
\col@sep=\dimen125
\ar@mcellbox=\box28
\extrarowheight=\dimen126
\NC@list=\toks23
\extratabsurround=\skip51
\backup@length=\skip52
\ar@cellbox=\box29
)
\TX@col@width=\dimen127
\TX@old@table=\dimen128
\TX@old@col=\dimen129
\TX@target=\dimen130
\TX@delta=\dimen131
\TX@cols=\count115
\TX@ftn=\toks24
)
(C:\Users\Chantel.Wetzel\AppData\Roaming\MiKTeX\2.9\tex\latex\caption\caption.s
ty
Package: caption 2016/02/21 v3.3-144 Customizing captions (AR)

(C:\Users\Chantel.Wetzel\AppData\Roaming\MiKTeX\2.9\tex\latex\caption\caption3.
sty
Package: caption3 2016/05/22 v1.7-166 caption3 kernel (AR)
Package caption3 Info: TeX engine: e-TeX on input line 67.
\captionmargin=\dimen132
\captionmargin@=\dimen133
\captionwidth=\dimen134
\caption@tempdima=\dimen135
\caption@indent=\dimen136
\caption@parindent=\dimen137
\caption@hangindent=\dimen138
)
\c@ContinuedFloat=\count116
Package caption Info: hyperref package is loaded.
) ("C:\Program Files (x86)\MiKTeX 2.9\tex\latex\tools\longtable.sty"
Package: longtable 2014/10/28 v4.11 Multi-page Table package (DPC)
\LTleft=\skip53
\LTright=\skip54
\LTpre=\skip55
\LTpost=\skip56
\LTchunksize=\count117
\LTcapwidth=\dimen139
\LT@head=\box30
\LT@firsthead=\box31
\LT@foot=\box32
\LT@lastfoot=\box33
\LT@cols=\count118
\LT@rows=\count119
\c@LT@tables=\count120
\c@LT@chunks=\count121
\LT@p@ftn=\toks25
) (C:\Users\Chantel.Wetzel\AppData\Roaming\MiKTeX\2.9\tex\latex\tabu\tabu.sty
Package: tabu 2011/02/26 v2.8 - flexible LaTeX tabulars (FC)
("C:\Users\Chantel.Wetzel\Documents\MiKTeX 2.9\tex\latex\varwidth\varwidth.sty"
Package: varwidth 2009/03/30 ver 0.92;  Variable-width minipages
\@vwid@box=\box34
\sift@deathcycles=\count122
\@vwid@loff=\dimen140
\@vwid@roff=\dimen141
)
\c@taburow=\count123
\tabu@nbcols=\count124
\tabu@cnt=\count125
\tabu@Xcol=\count126
\tabu@alloc=\count127
\tabu@nested=\count128
\tabu@target=\dimen142
\tabu@spreadtarget=\dimen143
\tabu@naturalX=\dimen144
\tabucolX=\dimen145
\tabu@Xsum=\dimen146
\extrarowdepth=\dimen147
\abovetabulinesep=\dimen148
\belowtabulinesep=\dimen149
\tabustrutrule=\dimen150
\tabu@thebody=\toks26
\tabu@footnotes=\toks27
\tabu@box=\box35
\tabu@arstrutbox=\box36
\tabu@hleads=\box37
\tabu@vleads=\box38
\tabu@cellskip=\skip57
)
(C:\Users\Chantel.Wetzel\AppData\Roaming\MiKTeX\2.9\tex\latex\rotating\rotating
.sty
Package: rotating 2009/03/28 v2.16a rotated objects in LaTeX
("C:\Program Files (x86)\MiKTeX 2.9\tex\latex\graphics\graphicx.sty"
Package: graphicx 2017/06/01 v1.1a Enhanced LaTeX Graphics (DPC,SPQR)
("C:\Program Files (x86)\MiKTeX 2.9\tex\latex\graphics\graphics.sty"
Package: graphics 2017/06/25 v1.2c Standard LaTeX Graphics (DPC,SPQR)
("C:\Program Files (x86)\MiKTeX 2.9\tex\latex\graphics\trig.sty"
Package: trig 2016/01/03 v1.10 sin cos tan (DPC)
) ("C:\Program Files (x86)\MiKTeX 2.9\tex\latex\graphics-cfg\graphics.cfg"
File: graphics.cfg 2016/06/04 v1.11 sample graphics configuration
)
Package graphics Info: Driver file: pdftex.def on input line 99.
("C:\Program Files (x86)\MiKTeX 2.9\tex\latex\graphics-def\pdftex.def"
File: pdftex.def 2018/01/08 v1.0l Graphics/color driver for pdftex
))
\Gin@req@height=\dimen151
\Gin@req@width=\dimen152
) ("C:\Program Files (x86)\MiKTeX 2.9\tex\latex\base\ifthen.sty"
Package: ifthen 2014/09/29 v1.1c Standard LaTeX ifthen package (DPC)
)
\c@r@tfl@t=\count129
\rotFPtop=\skip58
\rotFPbot=\skip59
\rot@float@box=\box39
\rot@mess@toks=\toks28
)
(C:\Users\Chantel.Wetzel\AppData\Roaming\MiKTeX\2.9\tex\latex\placeins\placeins
.sty
Package: placeins 2005/04/18  v 2.2
)
(C:\Users\Chantel.Wetzel\AppData\Roaming\MiKTeX\2.9\tex\latex\floatrow\floatrow
.sty
Package: floatrow 2008/08/02 v0.3b floatrow: float package extension
\c@float@type=\count130
\float@exts=\toks29
\float@box=\box40
\@floatcapt=\box41
Package floatrow Info: Modified float package code loaded on input line 455.
Package floatrow Info: Modified rotfloat package code loaded on input line 473.

\FR@everyfloat=\toks30
\flrow@foot=\insert199
\FB@wd=\dimen153
\FBo@wd=\dimen154
\FBc@wd=\dimen155
\FBo@ht=\skip60
\FBc@ht=\skip61
\FBf@ht=\skip62
\FBo@max=\skip63
\FBc@max=\skip64
\FBf@max=\skip65
\c@FBl@b=\count131
\floatbox@depth=\count132
\c@FRobj=\count133
\c@FRsobj=\count134
\Xhsize=\skip66
\sXhsize=\skip67
\Zhsize=\skip68
\sZhsize=\skip69
\flrow@rowbox=\box42
\FR@Zunitlength=\dimen156
\c@FBcnt=\count135
\FPOScnt=\count136
\LTleft=\skip70
\LTright=\skip71
\LTleft=\skip72
\LTright=\skip73
\flrow@types=\toks31
) ("C:\Program Files (x86)\MiKTeX 2.9\tex\latex\tools\indentfirst.sty"
Package: indentfirst 1995/11/23 v1.03 Indent first paragraph (DPC)
)
(C:\Users\Chantel.Wetzel\AppData\Roaming\MiKTeX\2.9\tex\latex\mdwtools\mdwtab.s
ty
Package: mdwtab 1998/04/28 1.9 Table typesetting with style
\tab@state=\count137
\tab@columns=\count138
\tab@preamble=\toks32
\tab@shortline=\toks33
\extrarowheight=\dimen157
\tabextrasep=\dimen158
\arrayextrasep=\dimen159
\smarraycolsep=\dimen160
\smarrayextrasep=\dimen161
\tab@width=\dimen162
\col@sep=\dimen163
\tab@endheight=\dimen164
\tab@leftskip=\skip74
\tab@rightskip=\skip75
\fn@notes=\box43
\fn@width=\dimen165
) ("C:\Program Files (x86)\MiKTeX 2.9\tex\latex\tools\enumerate.sty"
Package: enumerate 2015/07/23 v3.00 enumerate extensions (DPC)
\@enLab=\toks34
)
Package hyperref Info: Option `colorlinks' set `true' on input line 92.

(C:\Users\Chantel.Wetzel\AppData\Roaming\MiKTeX\2.9\tex\latex\xcolor\xcolor.sty
Package: xcolor 2016/05/11 v2.12 LaTeX color extensions (UK)
("C:\Program Files (x86)\MiKTeX 2.9\tex\latex\graphics-cfg\color.cfg"
File: color.cfg 2016/01/02 v1.6 sample color configuration
)
Package xcolor Info: Package option `usenames' ignored on input line 216.
Package xcolor Info: Driver file: pdftex.def on input line 225.
Package xcolor Info: Model `cmy' substituted by `cmy0' on input line 1348.
Package xcolor Info: Model `hsb' substituted by `rgb' on input line 1352.
Package xcolor Info: Model `RGB' extended on input line 1364.
Package xcolor Info: Model `HTML' substituted by `rgb' on input line 1366.
Package xcolor Info: Model `Hsb' substituted by `hsb' on input line 1367.
Package xcolor Info: Model `tHsb' substituted by `hsb' on input line 1368.
Package xcolor Info: Model `HSB' substituted by `hsb' on input line 1369.
Package xcolor Info: Model `Gray' substituted by `gray' on input line 1370.
Package xcolor Info: Model `wave' substituted by `hsb' on input line 1371.
("C:\Program Files (x86)\MiKTeX 2.9\tex\latex\graphics\dvipsnam.def"
File: dvipsnam.def 2016/06/17 v3.0m Driver-dependent file (DPC,SPQR)
)) (C:\Users\Chantel.Wetzel\AppData\Roaming\MiKTeX\2.9\tex\latex\soul\soul.sty
Package: soul 2003/11/17 v2.4 letterspacing/underlining (mf)
\SOUL@word=\toks35
\SOUL@lasttoken=\toks36
\SOUL@cmds=\toks37
\SOUL@buffer=\toks38
\SOUL@token=\toks39
\SOUL@spaceskip=\skip76
\SOUL@ttwidth=\dimen166
\SOUL@uldp=\dimen167
\SOUL@ulht=\dimen168
)
(C:\Users\Chantel.Wetzel\AppData\Roaming\MiKTeX\2.9\tex\latex\enumitem\enumitem
.sty
Package: enumitem 2011/09/28 v3.5.2 Customized lists
\labelindent=\skip77
\enit@outerparindent=\dimen169
\enit@toks=\toks40
\enit@inbox=\box44
\enitdp@description=\count139
) ("C:\Program Files (x86)\MiKTeX 2.9\tex\latex\tools\verbatim.sty"
Package: verbatim 2014/10/28 v1.5q LaTeX2e package for verbatim enhancements
\every@verbatim=\toks41
\verbatim@line=\toks42
\verbatim@in@stream=\read1
)
(C:\Users\Chantel.Wetzel\AppData\Roaming\MiKTeX\2.9\tex\latex\fancyvrb\fancyvrb
.sty
Package: fancyvrb 2008/02/07

Style option: `fancyvrb' v2.7a, with DG/SPQR fixes, and firstline=lastline fix 
<2008/02/07> (tvz)
\FV@CodeLineNo=\count140
\FV@InFile=\read2
\FV@TabBox=\box45
\c@FancyVerbLine=\count141
\FV@StepNumber=\count142
\FV@OutFile=\write3
) ("C:\Program Files (x86)\MiKTeX 2.9\tex\latex\base\textcomp.sty"
Package: textcomp 2017/04/05 v2.0i Standard LaTeX package
Package textcomp Info: Sub-encoding information:
(textcomp)               5 = only ISO-Adobe without \textcurrency
(textcomp)               4 = 5 + \texteuro
(textcomp)               3 = 4 + \textohm
(textcomp)               2 = 3 + \textestimated + \textcurrency
(textcomp)               1 = TS1 - \textcircled - \t
(textcomp)               0 = TS1 (full)
(textcomp)             Font families with sub-encoding setting implement
(textcomp)             only a restricted character set as indicated.
(textcomp)             Family '?' is the default used for unknown fonts.
(textcomp)             See the documentation for details.
Package textcomp Info: Setting ? sub-encoding to TS1/1 on input line 79.
("C:\Program Files (x86)\MiKTeX 2.9\tex\latex\base\ts1enc.def"
File: ts1enc.def 2001/06/05 v3.0e (jk/car/fm) Standard LaTeX file
Now handling font encoding TS1 ...
... processing UTF-8 mapping file for font encoding TS1
("C:\Program Files (x86)\MiKTeX 2.9\tex\latex\base\ts1enc.dfu"
File: ts1enc.dfu 2018/04/05 v1.2c UTF-8 support for inputenc
   defining Unicode char U+00A2 (decimal 162)
   defining Unicode char U+00A3 (decimal 163)
   defining Unicode char U+00A4 (decimal 164)
   defining Unicode char U+00A5 (decimal 165)
   defining Unicode char U+00A6 (decimal 166)
   defining Unicode char U+00A7 (decimal 167)
   defining Unicode char U+00A8 (decimal 168)
   defining Unicode char U+00A9 (decimal 169)
   defining Unicode char U+00AA (decimal 170)
   defining Unicode char U+00AC (decimal 172)
   defining Unicode char U+00AE (decimal 174)
   defining Unicode char U+00AF (decimal 175)
   defining Unicode char U+00B0 (decimal 176)
   defining Unicode char U+00B1 (decimal 177)
   defining Unicode char U+00B2 (decimal 178)
   defining Unicode char U+00B3 (decimal 179)
   defining Unicode char U+00B4 (decimal 180)
   defining Unicode char U+00B5 (decimal 181)
   defining Unicode char U+00B6 (decimal 182)
   defining Unicode char U+00B7 (decimal 183)
   defining Unicode char U+00B9 (decimal 185)
   defining Unicode char U+00BA (decimal 186)
   defining Unicode char U+00BC (decimal 188)
   defining Unicode char U+00BD (decimal 189)
   defining Unicode char U+00BE (decimal 190)
   defining Unicode char U+00D7 (decimal 215)
   defining Unicode char U+00F7 (decimal 247)
   defining Unicode char U+0192 (decimal 402)
   defining Unicode char U+02C7 (decimal 711)
   defining Unicode char U+02D8 (decimal 728)
   defining Unicode char U+02DD (decimal 733)
   defining Unicode char U+0E3F (decimal 3647)
   defining Unicode char U+2016 (decimal 8214)
   defining Unicode char U+2020 (decimal 8224)
   defining Unicode char U+2021 (decimal 8225)
   defining Unicode char U+2022 (decimal 8226)
   defining Unicode char U+2030 (decimal 8240)
   defining Unicode char U+2031 (decimal 8241)
   defining Unicode char U+203B (decimal 8251)
   defining Unicode char U+203D (decimal 8253)
   defining Unicode char U+2044 (decimal 8260)
   defining Unicode char U+204E (decimal 8270)
   defining Unicode char U+2052 (decimal 8274)
   defining Unicode char U+20A1 (decimal 8353)
   defining Unicode char U+20A4 (decimal 8356)
   defining Unicode char U+20A6 (decimal 8358)
   defining Unicode char U+20A9 (decimal 8361)
   defining Unicode char U+20AB (decimal 8363)
   defining Unicode char U+20AC (decimal 8364)
   defining Unicode char U+20B1 (decimal 8369)
   defining Unicode char U+2103 (decimal 8451)
   defining Unicode char U+2116 (decimal 8470)
   defining Unicode char U+2117 (decimal 8471)
   defining Unicode char U+211E (decimal 8478)
   defining Unicode char U+2120 (decimal 8480)
   defining Unicode char U+2122 (decimal 8482)
   defining Unicode char U+2126 (decimal 8486)
   defining Unicode char U+2127 (decimal 8487)
   defining Unicode char U+212E (decimal 8494)
   defining Unicode char U+2190 (decimal 8592)
   defining Unicode char U+2191 (decimal 8593)
   defining Unicode char U+2192 (decimal 8594)
   defining Unicode char U+2193 (decimal 8595)
   defining Unicode char U+2329 (decimal 9001)
   defining Unicode char U+232A (decimal 9002)
   defining Unicode char U+2422 (decimal 9250)
   defining Unicode char U+25E6 (decimal 9702)
   defining Unicode char U+25EF (decimal 9711)
   defining Unicode char U+266A (decimal 9834)
   defining Unicode char U+FEFF (decimal 65279)
))
LaTeX Info: Redefining \oldstylenums on input line 334.
Package textcomp Info: Setting cmr sub-encoding to TS1/0 on input line 349.
Package textcomp Info: Setting cmss sub-encoding to TS1/0 on input line 350.
Package textcomp Info: Setting cmtt sub-encoding to TS1/0 on input line 351.
Package textcomp Info: Setting cmvtt sub-encoding to TS1/0 on input line 352.
Package textcomp Info: Setting cmbr sub-encoding to TS1/0 on input line 353.
Package textcomp Info: Setting cmtl sub-encoding to TS1/0 on input line 354.
Package textcomp Info: Setting ccr sub-encoding to TS1/0 on input line 355.
Package textcomp Info: Setting ptm sub-encoding to TS1/4 on input line 356.
Package textcomp Info: Setting pcr sub-encoding to TS1/4 on input line 357.
Package textcomp Info: Setting phv sub-encoding to TS1/4 on input line 358.
Package textcomp Info: Setting ppl sub-encoding to TS1/3 on input line 359.
Package textcomp Info: Setting pag sub-encoding to TS1/4 on input line 360.
Package textcomp Info: Setting pbk sub-encoding to TS1/4 on input line 361.
Package textcomp Info: Setting pnc sub-encoding to TS1/4 on input line 362.
Package textcomp Info: Setting pzc sub-encoding to TS1/4 on input line 363.
Package textcomp Info: Setting bch sub-encoding to TS1/4 on input line 364.
Package textcomp Info: Setting put sub-encoding to TS1/5 on input line 365.
Package textcomp Info: Setting uag sub-encoding to TS1/5 on input line 366.
Package textcomp Info: Setting ugq sub-encoding to TS1/5 on input line 367.
Package textcomp Info: Setting ul8 sub-encoding to TS1/4 on input line 368.
Package textcomp Info: Setting ul9 sub-encoding to TS1/4 on input line 369.
Package textcomp Info: Setting augie sub-encoding to TS1/5 on input line 370.
Package textcomp Info: Setting dayrom sub-encoding to TS1/3 on input line 371.
Package textcomp Info: Setting dayroms sub-encoding to TS1/3 on input line 372.

Package textcomp Info: Setting pxr sub-encoding to TS1/0 on input line 373.
Package textcomp Info: Setting pxss sub-encoding to TS1/0 on input line 374.
Package textcomp Info: Setting pxtt sub-encoding to TS1/0 on input line 375.
Package textcomp Info: Setting txr sub-encoding to TS1/0 on input line 376.
Package textcomp Info: Setting txss sub-encoding to TS1/0 on input line 377.
Package textcomp Info: Setting txtt sub-encoding to TS1/0 on input line 378.
Package textcomp Info: Setting lmr sub-encoding to TS1/0 on input line 379.
Package textcomp Info: Setting lmdh sub-encoding to TS1/0 on input line 380.
Package textcomp Info: Setting lmss sub-encoding to TS1/0 on input line 381.
Package textcomp Info: Setting lmssq sub-encoding to TS1/0 on input line 382.
Package textcomp Info: Setting lmvtt sub-encoding to TS1/0 on input line 383.
Package textcomp Info: Setting lmtt sub-encoding to TS1/0 on input line 384.
Package textcomp Info: Setting qhv sub-encoding to TS1/0 on input line 385.
Package textcomp Info: Setting qag sub-encoding to TS1/0 on input line 386.
Package textcomp Info: Setting qbk sub-encoding to TS1/0 on input line 387.
Package textcomp Info: Setting qcr sub-encoding to TS1/0 on input line 388.
Package textcomp Info: Setting qcs sub-encoding to TS1/0 on input line 389.
Package textcomp Info: Setting qpl sub-encoding to TS1/0 on input line 390.
Package textcomp Info: Setting qtm sub-encoding to TS1/0 on input line 391.
Package textcomp Info: Setting qzc sub-encoding to TS1/0 on input line 392.
Package textcomp Info: Setting qhvc sub-encoding to TS1/0 on input line 393.
Package textcomp Info: Setting futs sub-encoding to TS1/4 on input line 394.
Package textcomp Info: Setting futx sub-encoding to TS1/4 on input line 395.
Package textcomp Info: Setting futj sub-encoding to TS1/4 on input line 396.
Package textcomp Info: Setting hlh sub-encoding to TS1/3 on input line 397.
Package textcomp Info: Setting hls sub-encoding to TS1/3 on input line 398.
Package textcomp Info: Setting hlst sub-encoding to TS1/3 on input line 399.
Package textcomp Info: Setting hlct sub-encoding to TS1/5 on input line 400.
Package textcomp Info: Setting hlx sub-encoding to TS1/5 on input line 401.
Package textcomp Info: Setting hlce sub-encoding to TS1/5 on input line 402.
Package textcomp Info: Setting hlcn sub-encoding to TS1/5 on input line 403.
Package textcomp Info: Setting hlcw sub-encoding to TS1/5 on input line 404.
Package textcomp Info: Setting hlcf sub-encoding to TS1/5 on input line 405.
Package textcomp Info: Setting pplx sub-encoding to TS1/3 on input line 406.
Package textcomp Info: Setting pplj sub-encoding to TS1/3 on input line 407.
Package textcomp Info: Setting ptmx sub-encoding to TS1/4 on input line 408.
Package textcomp Info: Setting ptmj sub-encoding to TS1/4 on input line 409.
) ("C:\Program Files (x86)\MiKTeX 2.9\tex\latex\graphics\lscape.sty"
Package: lscape 2000/10/22 v3.01 Landscape Pages (DPC)
) ("C:\Program Files (x86)\MiKTeX 2.9\tex\latex\oberdiek\pdflscape.sty"
Package: pdflscape 2016/05/14 v0.11 Display of landscape pages in PDF (HO)
Package pdflscape Info: Auto-detected driver: pdftex on input line 81.
) (C:\Users\Chantel.Wetzel\AppData\Roaming\MiKTeX\2.9\tex\latex\cmap\cmap.sty
Package: cmap 2008/03/06 v1.0h CMap support: searchable PDF
)
(C:\Users\Chantel.Wetzel\AppData\Roaming\MiKTeX\2.9\tex\latex\pdfcomment\pdfcom
ment.sty
Package: pdfcomment 2016/06/13 pdfcomment.sty v2.4 - Josef Kleber (C) 2008-2012
, 2015-2016
("C:\Program Files (x86)\MiKTeX 2.9\tex\latex\xkeyval\xkeyval.sty"
Package: xkeyval 2014/12/03 v2.7a package option processing (HA)
("C:\Program Files (x86)\MiKTeX 2.9\tex\generic\xkeyval\xkeyval.tex" ("C:\Progr
am Files (x86)\MiKTeX 2.9\tex\generic\xkeyval\xkvutils.tex"
\XKV@toks=\toks43
\XKV@tempa@toks=\toks44
)
\XKV@depth=\count143
File: xkeyval.tex 2014/12/03 v2.7a key=value parser (HA)
))
\c@pc@count@i=\count144
\c@pc@count@ii=\count145
\c@pc@count@iii=\count146
\c@pc@count@iv=\count147
\pc@mathannot@box=\box46
\pc@nullbox=\box47
\pc@dima=\skip78
\pc@dimb=\skip79
\pc@Sposx=\skip80
\pc@Sposy=\skip81
\pc@Eposx=\skip82
\pc@Eposy=\skip83
\pc@column=\skip84
\pc@box@width=\skip85
\pc@box@height=\skip86
\pc@box@depth=\skip87

(C:\Users\Chantel.Wetzel\AppData\Roaming\MiKTeX\2.9\tex\latex\etoolbox\etoolbox
.sty
Package: etoolbox 2015/08/02 v2.2a e-TeX tools for LaTeX (JAW)
\etb@tempcnta=\count148
)
(C:\Users\Chantel.Wetzel\AppData\Roaming\MiKTeX\2.9\tex\latex\datetime2\datetim
e2.sty
Package: datetime2 2016/07/12 v1.5.2 (NLCT) date and time formats

(C:\Users\Chantel.Wetzel\AppData\Roaming\MiKTeX\2.9\tex\latex\tracklang\trackla
ng.sty
Package: tracklang 2016/11/03 v1.3.3 (NLCT) Track Languages

(C:\Users\Chantel.Wetzel\AppData\Roaming\MiKTeX\2.9\tex\generic\tracklang\track
lang.tex))) ("C:\Program Files (x86)\MiKTeX 2.9\tex\latex\oberdiek\zref-savepos
.sty"
Package: zref-savepos 2016/05/21 v2.26 Module savepos for zref (HO)
("C:\Program Files (x86)\MiKTeX 2.9\tex\latex\oberdiek\zref-base.sty"
Package: zref-base 2016/05/21 v2.26 Module base for zref (HO)
Package zref Info: New property list: main on input line 759.
Package zref Info: New property: default on input line 760.
Package zref Info: New property: page on input line 761.
)
Package zref Info: New property list: savepos on input line 80.
Package zref Info: New property: posx on input line 81.
Package zref Info: New property: posy on input line 82.
)
\c@zref@unique=\count149
("C:\Program Files (x86)\MiKTeX 2.9\tex\latex\tools\calc.sty"
Package: calc 2017/05/25 v4.3 Infix arithmetic (KKT,FJ)
\calc@Acount=\count150
\calc@Bcount=\count151
\calc@Adimen=\dimen170
\calc@Bdimen=\dimen171
\calc@Askip=\skip88
\calc@Bskip=\skip89
LaTeX Info: Redefining \setlength on input line 80.
LaTeX Info: Redefining \addtolength on input line 81.
\calc@Ccount=\count152
\calc@Cskip=\skip90
)
(C:\Users\Chantel.Wetzel\AppData\Roaming\MiKTeX\2.9\tex\latex\marginnote\margin
note.sty
Package: marginnote 2016/10/21 v1.2a non floating margin notes for LaTeX
\c@mn@abspage=\count153
)
(C:\Users\Chantel.Wetzel\AppData\Roaming\MiKTeX\2.9\tex\latex\bezos\soulpos.sty
Package: soulpos 2012/02/25 v1.0 Fancy underlining
\ulp@subcnt=\count154
\ulp@cnt=\count155
\ulp@out=\write4
\ulp@in=\read3
\ulwidth=\dimen172
)

Package hyperref Warning: Option `pdftex' has already been used,
(hyperref)                setting the option has no effect on input line 1359.

Package zref Info: New property list: pdfcomment on input line 2724.
Package zref Info: New property: PCPDFOBJID on input line 2725.
) (C:\Users\Chantel.Wetzel\AppData\Roaming\MiKTeX\2.9\tex\latex\nag\nag.sty
Package: nag 2011/11/25 0.7 warning about old commands (ulmi)
\c@nag@c=\count156
\c@nag@sins=\count157
Package nag Info: Loaded nag-l2tabu.cfg  on input line 552.

(C:\Users\Chantel.Wetzel\AppData\Roaming\MiKTeX\2.9\tex\latex\nag\nag-l2tabu.cf
g
File: nag-l2tabu.cfg 2010/05/17 v2.11 l2tabu rules for nag.sty (ulmi)
)
Package nag Info: Loaded nag-orthodox.cfg  on input line 552.

(C:\Users\Chantel.Wetzel\AppData\Roaming\MiKTeX\2.9\tex\latex\nag\nag-orthodox.
cfg
File: nag-orthodox.cfg 2006/04/19 v1.8 strict rules for nag.sty (ulmi)
)) (00_assess_prioritization.aux)
\openout1 = `00_assess_prioritization.aux'.

LaTeX Font Info:    Checking defaults for OML/cmm/m/it on input line 137.
LaTeX Font Info:    ... okay on input line 137.
LaTeX Font Info:    Checking defaults for T1/cmr/m/n on input line 137.
LaTeX Font Info:    ... okay on input line 137.
LaTeX Font Info:    Checking defaults for OT1/cmr/m/n on input line 137.
LaTeX Font Info:    ... okay on input line 137.
LaTeX Font Info:    Checking defaults for OMS/cmsy/m/n on input line 137.
LaTeX Font Info:    ... okay on input line 137.
LaTeX Font Info:    Checking defaults for OMX/cmex/m/n on input line 137.
LaTeX Font Info:    ... okay on input line 137.
LaTeX Font Info:    Checking defaults for U/cmr/m/n on input line 137.
LaTeX Font Info:    ... okay on input line 137.
LaTeX Font Info:    Checking defaults for PD1/pdf/m/n on input line 137.
LaTeX Font Info:    ... okay on input line 137.
LaTeX Font Info:    Checking defaults for PU/pdf/m/n on input line 137.
LaTeX Font Info:    ... okay on input line 137.
LaTeX Font Info:    Checking defaults for TS1/cmr/m/n on input line 137.
LaTeX Font Info:    Try loading font information for TS1+cmr on input line 137.

("C:\Program Files (x86)\MiKTeX 2.9\tex\latex\base\ts1cmr.fd"
File: ts1cmr.fd 2014/09/29 v2.5h Standard LaTeX font definitions
)
LaTeX Font Info:    ... okay on input line 137.
LaTeX Info: Redefining \microtypecontext on input line 137.
Package microtype Info: Generating PDF output.
Package microtype Info: Character protrusion enabled (level 2).
Package microtype Info: Using protrusion set `basicmath'.
Package microtype Info: Automatic font expansion enabled (level 2),
(microtype)             stretch: 20, shrink: 20, step: 1, non-selected.
Package microtype Info: Using default expansion set `basictext'.
Package microtype Info: No adjustment of tracking.
Package microtype Info: No adjustment of interword spacing.
Package microtype Info: No adjustment of character kerning.

(C:\Users\Chantel.Wetzel\AppData\Roaming\MiKTeX\2.9\tex\latex\microtype\mt-cmr.
cfg
File: mt-cmr.cfg 2013/05/19 v2.2 microtype config. file: Computer Modern Roman 
(RS)
)
*geometry* driver: auto-detecting
*geometry* detected driver: pdftex
*geometry* verbose mode - [ preamble ] result:
* driver: pdftex
* paper: <default>
* layout: <same size as paper>
* layoutoffset:(h,v)=(0.0pt,0.0pt)
* modes: 
* h-part:(L,W,R)=(72.26999pt, 469.75502pt, 72.26999pt)
* v-part:(T,H,B)=(72.26999pt, 650.43001pt, 72.26999pt)
* \paperwidth=614.295pt
* \paperheight=794.96999pt
* \textwidth=469.75502pt
* \textheight=650.43001pt
* \oddsidemargin=0.0pt
* \evensidemargin=0.0pt
* \topmargin=-37.0pt
* \headheight=12.0pt
* \headsep=25.0pt
* \topskip=12.0pt
* \footskip=30.0pt
* \marginparwidth=44.0pt
* \marginparsep=10.0pt
* \columnsep=10.0pt
* \skip\footins=10.8pt plus 4.0pt minus 2.0pt
* \hoffset=0.0pt
* \voffset=0.0pt
* \mag=1000
* \@twocolumnfalse
* \@twosidefalse
* \@mparswitchfalse
* \@reversemarginfalse
* (1in=72.27pt=25.4mm, 1cm=28.453pt)

\AtBeginShipoutBox=\box48
Package hyperref Info: Link coloring ON on input line 137.
("C:\Program Files (x86)\MiKTeX 2.9\tex\latex\hyperref\nameref.sty"
Package: nameref 2016/05/21 v2.44 Cross-referencing by name of section
("C:\Program Files (x86)\MiKTeX 2.9\tex\generic\oberdiek\gettitlestring.sty"
Package: gettitlestring 2016/05/16 v1.5 Cleanup title references (HO)
)
\c@section@level=\count158
)
LaTeX Info: Redefining \ref on input line 137.
LaTeX Info: Redefining \pageref on input line 137.
LaTeX Info: Redefining \nameref on input line 137.
(00_assess_prioritization.out) (00_assess_prioritization.out)
\@outlinefile=\write5
\openout5 = `00_assess_prioritization.out'.

Package caption Info: Begin \AtBeginDocument code.
Package caption Info: floatrow package is loaded.
Package caption Info: float package is loaded.
Package caption Info: floatrow package is loaded.
Package caption Info: longtable package is loaded.

(C:\Users\Chantel.Wetzel\AppData\Roaming\MiKTeX\2.9\tex\latex\caption\ltcaption
.sty
Package: ltcaption 2013/06/09 v1.4-94 longtable captions (AR)
)
Package caption Info: rotating package is loaded.
Package caption Info: End \AtBeginDocument code.

Package tabu Warning: \@arrayright is missing from the 
(tabu)                definition of \endarray. 
(tabu)                Comptability with delarray.sty is broken. on input line 1
37.


(C:\Users\Chantel.Wetzel\AppData\Roaming\MiKTeX\2.9\tex\context\base\supp-pdf.m
kii
[Loading MPS to PDF converter (version 2006.09.02).]
\scratchcounter=\count159
\scratchdimen=\dimen173
\scratchbox=\box49
\nofMPsegments=\count160
\nofMParguments=\count161
\everyMPshowfont=\toks45
\MPscratchCnt=\count162
\MPscratchDim=\dimen174
\MPnumerator=\count163
\makeMPintoPDFobject=\count164
\everyMPtoPDFconversion=\toks46
) ("C:\Program Files (x86)\MiKTeX 2.9\tex\latex\oberdiek\epstopdf-base.sty"
Package: epstopdf-base 2016/05/15 v2.6 Base part for package epstopdf
("C:\Program Files (x86)\MiKTeX 2.9\tex\latex\oberdiek\grfext.sty"
Package: grfext 2016/05/16 v1.2 Manage graphics extensions (HO)
)
Package epstopdf-base Info: Redefining graphics rule for `.eps' on input line 4
38.
Package grfext Info: Graphics extension search list:
(grfext)             [.pdf,.png,.jpg,.mps,.jpeg,.jbig2,.jb2,.PDF,.PNG,.JPG,.JPE
G,.JBIG2,.JB2,.eps]
(grfext)             \AppendGraphicsExtensions on input line 456.
)
(C:\Users\Chantel.Wetzel\AppData\Roaming\MiKTeX\2.9\tex\latex\floatrow\fr-longt
able.sty
Package: fr-longtable 2007/11/28 v0.1b (beta) floatrow: additions for longtable

\flrow@LT@lasthead=\box50
\flrow@LT@prelastfoot=\box51
\c@FBLTpage=\count165
)
Package marginnote Info: \pdfoutput not 0 or unimportant and
(marginnote)             \pdflastxpos or \lastxpos available.
(marginnote)             Extended position detection mode activated.
Package nag Info: Command \frontmatter not defined, skipping amendment on input
 line 137.
Package nag Info: Command \mainmatter not defined, skipping amendment on input 
line 137.
Package nag Info: Command \backmatter not defined, skipping amendment on input 
line 137.
Package nag Info: Command \RaggedLeft not defined, skipping amendment on input 
line 137.
Package nag Info: Command \RaggedRight not defined, skipping amendment on input
 line 137.
Package nag Info: Command \captionabove not defined, skipping amendment on inpu
t line 137.
Package nag Info: Command \captionbelow not defined, skipping amendment on inpu
t line 137.
Package nag Info: Command \hc@caption not defined, skipping amendment on input 
line 137.
Package nag Info: Command \topcaption not defined, skipping amendment on input 
line 137.
<<ot1.cmap>><<oml.cmap>><<oms.cmap>><<omx.cmap>>
LaTeX Font Info:    Try loading font information for U+msa on input line 147.
("C:\Program Files (x86)\MiKTeX 2.9\tex\latex\amsfonts\umsa.fd"
File: umsa.fd 2013/01/14 v3.01 AMS symbols A
)
(C:\Users\Chantel.Wetzel\AppData\Roaming\MiKTeX\2.9\tex\latex\microtype\mt-msa.
cfg
File: mt-msa.cfg 2006/02/04 v1.1 microtype config. file: AMS symbols (a) (RS)
)
LaTeX Font Info:    Try loading font information for U+msb on input line 147.
("C:\Program Files (x86)\MiKTeX 2.9\tex\latex\amsfonts\umsb.fd"
File: umsb.fd 2013/01/14 v3.01 AMS symbols B
)
(C:\Users\Chantel.Wetzel\AppData\Roaming\MiKTeX\2.9\tex\latex\microtype\mt-msb.
cfg
File: mt-msb.cfg 2005/06/01 v1.0 microtype config. file: AMS symbols (b) (RS)
) [1

\openout4 = `00_assess_prioritization.upa'.

{C:/Users/Chantel.Wetzel/AppData/Local/MiKTeX/2.9/pdftex/config/pdftex.map}] (0
0_assess_prioritization.toc [1] [2])
\tf@toc=\write6
\openout6 = `00_assess_prioritization.toc'.

[3]

Package nag Warning: There is no environment ``centering''.
(nag)                Maybe you want a grouped \centering  on input line 250.

pdfTeX warning (ext4): destination with the same identifier (name{page.1}) has 
been already used, duplicate ignored
<to be read again> 
                   \relax 
l.251 $\text
            {F}_s = w_c*c_{s} + w_r*r_{s}+w_t*t_{s}+w_d*d_{s}+w_o*o_{s}+w_b*...
[1]
Overfull \hbox (11.86494pt too wide) in paragraph at lines 268--284
 [][] 
 []


Package nag Warning: There is no environment ``centering''.
(nag)                Maybe you want a grouped \centering  on input line 300.

[2]

Package nag Warning: There is no environment ``centering''.
(nag)                Maybe you want a grouped \centering  on input line 321.


Package nag Warning: There is no environment ``centering''.
(nag)                Maybe you want a grouped \centering  on input line 333.

[3] [4]

Package nag Warning: There is no environment ``centering''.
(nag)                Maybe you want a grouped \centering  on input line 432.

[5

] [6]

Package nag Warning: There is no environment ``centering''.
(nag)                Maybe you want a grouped \centering  on input line 534.

[7

]
Overfull \hbox (4.63753pt too wide) in paragraph at lines 575--616
 [][] 
 []

[8] [9] [10

] [11] [12]

Package nag Warning: There is no environment ``centering''.
(nag)                Maybe you want a grouped \centering  on input line 851.

[13] [14] [15] [16] [17

]

Package nag Warning: table with no \caption on input line 1047.


Overfull \hbox (3.97644pt too wide) in paragraph at lines 1033--1047
 [][] 
 []


Package nag Warning: table with no \caption on input line 1070.


Overfull \hbox (1.05974pt too wide) in paragraph at lines 1056--1070
 [][] 
 []


Package nag Warning: table with no \caption on input line 1093.


Overfull \hbox (1.05974pt too wide) in paragraph at lines 1079--1093
 [][] 
 []

[18

]

Package nag Warning: table with no \caption on input line 1118.


Package nag Warning: table with no \caption on input line 1141.


Package nag Warning: table with no \caption on input line 1164.


Overfull \hbox (24.53209pt too wide) in paragraph at lines 1150--1164
 [][] 
 []

[19]

Package nag Warning: table with no \caption on input line 1189.


Overfull \hbox (0.78194pt too wide) in paragraph at lines 1175--1189
 [][] 
 []


Package nag Warning: table with no \caption on input line 1212.


Overfull \hbox (10.3653pt too wide) in paragraph at lines 1198--1212
 [][] 
 []


Package nag Warning: table with no \caption on input line 1235.


Overfull \hbox (8.55978pt too wide) in paragraph at lines 1221--1235
 [][] 
 []

[20]

Package nag Warning: table with no \caption on input line 1260.


Overfull \hbox (0.50414pt too wide) in paragraph at lines 1246--1260
 [][] 
 []


Package nag Warning: table with no \caption on input line 1283.


Package nag Warning: table with no \caption on input line 1306.


Overfull \hbox (0.50414pt too wide) in paragraph at lines 1292--1306
 [][] 
 []

[21]

Package nag Warning: table with no \caption on input line 1331.


Overfull \hbox (19.671pt too wide) in paragraph at lines 1317--1331
 [][] 
 []


Package nag Warning: table with no \caption on input line 1354.


Overfull \hbox (16.05983pt too wide) in paragraph at lines 1340--1354
 [][] 
 []


Package nag Warning: table with no \caption on input line 1377.


Overfull \hbox (0.50414pt too wide) in paragraph at lines 1363--1377
 [][] 
 []

[22]

Package nag Warning: table with no \caption on input line 1402.


Overfull \hbox (0.50414pt too wide) in paragraph at lines 1388--1402
 [][] 
 []


Package nag Warning: table with no \caption on input line 1425.


Package nag Warning: table with no \caption on input line 1448.


Overfull \hbox (15.78209pt too wide) in paragraph at lines 1434--1448
 [][] 
 []

[23]

Package nag Warning: table with no \caption on input line 1473.


Overfull \hbox (40.31003pt too wide) in paragraph at lines 1459--1473
 [][] 
 []


Package nag Warning: table with no \caption on input line 1496.


Overfull \hbox (22.17104pt too wide) in paragraph at lines 1482--1496
 [][] 
 []


Package nag Warning: table with no \caption on input line 1519.

[24]

Package nag Warning: table with no \caption on input line 1544.


Package nag Warning: table with no \caption on input line 1567.


Overfull \hbox (0.50414pt too wide) in paragraph at lines 1553--1567
 [][] 
 []


Package nag Warning: table with no \caption on input line 1590.

[25]

Package nag Warning: table with no \caption on input line 1615.


Overfull \hbox (0.78194pt too wide) in paragraph at lines 1601--1615
 [][] 
 []


Package nag Warning: table with no \caption on input line 1638.


Package nag Warning: table with no \caption on input line 1661.

[26]

Package nag Warning: table with no \caption on input line 1686.


Package nag Warning: table with no \caption on input line 1709.


Package nag Warning: table with no \caption on input line 1732.


Overfull \hbox (19.25433pt too wide) in paragraph at lines 1718--1732
 [][] 
 []

[27]

Package nag Warning: table with no \caption on input line 1757.


Overfull \hbox (0.50414pt too wide) in paragraph at lines 1743--1757
 [][] 
 []


Package nag Warning: table with no \caption on input line 1780.


Overfull \hbox (13.00426pt too wide) in paragraph at lines 1766--1780
 [][] 
 []


Package nag Warning: table with no \caption on input line 1803.


Overfull \hbox (0.50414pt too wide) in paragraph at lines 1789--1803
 [][] 
 []

[28]

Package nag Warning: table with no \caption on input line 1828.


Package nag Warning: table with no \caption on input line 1851.


Overfull \hbox (5.92087pt too wide) in paragraph at lines 1837--1851
 [][] 
 []


Package nag Warning: table with no \caption on input line 1874.


Overfull \hbox (5.92088pt too wide) in paragraph at lines 1860--1874
 [][] 
 []

[29]

Package nag Warning: table with no \caption on input line 1899.


Package nag Warning: table with no \caption on input line 1922.


Overfull \hbox (19.11546pt too wide) in paragraph at lines 1908--1922
 [][] 
 []


Package nag Warning: table with no \caption on input line 1945.

[30]

Package nag Warning: table with no \caption on input line 1970.


Package nag Warning: table with no \caption on input line 1993.


Overfull \hbox (11.47649pt too wide) in paragraph at lines 1979--1993
 [][] 
 []


Package nag Warning: table with no \caption on input line 2016.

[31]

Package nag Warning: table with no \caption on input line 2041.


Overfull \hbox (1.05972pt too wide) in paragraph at lines 2027--2041
 [][] 
 []


Package nag Warning: table with no \caption on input line 2064.


Overfull \hbox (24.11548pt too wide) in paragraph at lines 2050--2064
 [][] 
 []


Package nag Warning: table with no \caption on input line 2087.

[32]

Package nag Warning: table with no \caption on input line 2112.


Package nag Warning: table with no \caption on input line 2135.


Package nag Warning: table with no \caption on input line 2158.


Overfull \hbox (5.64308pt too wide) in paragraph at lines 2144--2158
 [][] 
 []

[33]

Package nag Warning: table with no \caption on input line 2183.


Package nag Warning: table with no \caption on input line 2206.


Overfull \hbox (0.78194pt too wide) in paragraph at lines 2192--2206
 [][] 
 []


Package nag Warning: table with no \caption on input line 2229.


Overfull \hbox (0.50414pt too wide) in paragraph at lines 2215--2229
 [][] 
 []

[34]

Package nag Warning: table with no \caption on input line 2254.


Package nag Warning: table with no \caption on input line 2277.


Overfull \hbox (0.50414pt too wide) in paragraph at lines 2263--2277
 [][] 
 []


Package nag Warning: table with no \caption on input line 2300.

[35]

Package nag Warning: table with no \caption on input line 2325.


Overfull \hbox (3.28197pt too wide) in paragraph at lines 2311--2325
 [][] 
 []


Package nag Warning: table with no \caption on input line 2348.


Overfull \hbox (37.31001pt too wide) in paragraph at lines 2334--2348
 [][] 
 []


Package nag Warning: table with no \caption on input line 2371.

[36]

Package nag Warning: table with no \caption on input line 2396.


Overfull \hbox (19.9488pt too wide) in paragraph at lines 2382--2396
 [][] 
 []

[37] [38

]
Overfull \hbox (650.43001pt too wide) detected at line 2413
 [] 
 []


Underfull \hbox (badness 10000) in alignment at lines 2412--2417
[] [] [] [] [] [] [] [] [] [] []
 []


Underfull \hbox (badness 10000) in alignment at lines 2417--2420
[] [] [] [] [] [] [] [] [] [] []
 []


Underfull \hbox (badness 10000) in alignment at lines 2420--2421
[] [] [] [] [] [] [] [] [] [] []
 []


Underfull \hbox (badness 10000) in alignment at lines 2421--2443
[] [] [] [] [] [] [] [] [] [] []
 []


Underfull \vbox (badness 10000) detected at line 2443
 []


Underfull \hbox (badness 10000) in alignment at lines 2443--2463
[] [] [] [] [] [] [] [] [] [] []
 []


Underfull \hbox (badness 10000) in alignment at lines 2463--2483
[] [] [] [] [] [] [] [] [] [] []
 []

[39


]
Underfull \hbox (badness 10000) in alignment at lines 2483--2493
[] [] [] [] [] [] [] [] [] [] []
 []

[40]

Package nag Warning: 65 complaints in total.

Package atveryend Info: Empty hook `BeforeClearDocument' on input line 2498.
Package atveryend Info: Empty hook `AfterLastShipout' on input line 2498.
(00_assess_prioritization.aux)
Package atveryend Info: Executing hook `AtVeryEndDocument' on input line 2498.
Package atveryend Info: Executing hook `AtEndAfterFileList' on input line 2498.

Package rerunfilecheck Info: File `00_assess_prioritization.out' has not change
d.
(rerunfilecheck)             Checksum: 76512413D33DEF6438B81C4D9DBEE963;10993.
Package atveryend Info: Empty hook `AtVeryVeryEnd' on input line 2498.
 ) 
Here is how much of TeX's memory you used:
 21224 strings out of 492973
 345606 string characters out of 3133266
 574054 words of memory out of 3000000
 24511 multiletter control sequences out of 15000+200000
 17351 words of font info for 106 fonts, out of 3000000 for 9000
 1141 hyphenation exceptions out of 8191
 203i,16n,203p,1039b,668s stack positions out of 5000i,500n,10000p,200000b,50000s
<C:/Program Files (x86)/MiKTeX 2.9/fonts/type1/public/amsfonts/cm/cmbx12.pfb>
<C:/Program Files (x86)/MiKTeX 2.9/fonts/type1/public/amsfonts/cm/cmex10.pfb><C
:/Program Files (x86)/MiKTeX 2.9/fonts/type1/public/amsfonts/cm/cmmi12.pfb><C:/
Program Files (x86)/MiKTeX 2.9/fonts/type1/public/amsfonts/cm/cmmi6.pfb><C:/Pro
gram Files (x86)/MiKTeX 2.9/fonts/type1/public/amsfonts/cm/cmmi8.pfb><C:/Progra
m Files (x86)/MiKTeX 2.9/fonts/type1/public/amsfonts/cm/cmr10.pfb><C:/Program F
iles (x86)/MiKTeX 2.9/fonts/type1/public/amsfonts/cm/cmr12.pfb><C:/Program File
s (x86)/MiKTeX 2.9/fonts/type1/public/amsfonts/cm/cmr17.pfb><C:/Program Files (
x86)/MiKTeX 2.9/fonts/type1/public/amsfonts/cm/cmr8.pfb><C:/Program Files (x86)
/MiKTeX 2.9/fonts/type1/public/amsfonts/cm/cmsy10.pfb><C:/Program Files (x86)/M
iKTeX 2.9/fonts/type1/public/amsfonts/cm/cmti10.pfb><C:/Program Files (x86)/MiK
TeX 2.9/fonts/type1/public/amsfonts/cm/cmti12.pfb>
Output written on 00_assess_prioritization.pdf (44 pages, 352141 bytes).
PDF statistics:
 732 PDF objects out of 1000 (max. 8388607)
 187 named destinations out of 1000 (max. 500000)
 12897 words of extra memory for PDF output out of 14400 (max. 10000000)

