This is LuaHBTeX, Version 1.13.2 (TeX Live 2021/W32TeX)  (format=lualatex 2021.10.25)  9 NOV 2021 11:52
 restricted system commands enabled.
**_main.tex
(./_main.tex
LaTeX2e <2021-06-01> patch level 1
Lua module: luaotfload 2021-05-21 3.18 Lua based OpenType font support
Lua module: lualibs 2021-05-20 2.74 ConTeXt Lua standard libraries.
Lua module: lualibs-extended 2021-05-20 2.74 ConTeXt Lua libraries -- extended c
ollection.
luaotfload | conf : Root cache directory is "C:/Users/Chantel.Wetzel/AppData/Roa
ming/TinyTeX/texmf-var/luatex-cache/generic/names".
luaotfload | init : Loading fontloader "fontloader-2021-05-20.lua" from kpse-res
olved path "c:/Users/Chantel.Wetzel/AppData/Roaming/TinyTeX/texmf-dist/tex/luate
x/luaotfload/fontloader-2021-05-20.lua".
Lua-only attribute luaotfload@noligature = 1
Lua-only attribute luaotfload@syllabe = 2
luaotfload | init : Context OpenType loader version 3.116
Inserting `luaotfload.node_processor' at position 1 in `pre_linebreak_filter'.
Inserting `luaotfload.node_processor' at position 1 in `hpack_filter'.
Inserting `luaotfload.glyph_stream' at position 1 in `glyph_stream_provider'.
Inserting `luaotfload.define_font' at position 1 in `define_font'.
Lua-only attribute luaotfload_color_attribute = 3
luaotfload | conf : Root cache directory is "C:/Users/Chantel.Wetzel/AppData/Roa
ming/TinyTeX/texmf-var/luatex-cache/generic/names".
Inserting `luaotfload.harf.strip_prefix' at position 1 in `find_opentype_file'.
Inserting `luaotfload.harf.strip_prefix' at position 1 in `find_truetype_file'.
Inserting `luaotfload.harf.finalize_vlist' at position 1 in `post_linebreak_filt
er'.
Inserting `luaotfload.harf.finalize_hlist' at position 2 in `hpack_filter'.
Inserting `luaotfload.cleanup_files' at position 1 in `wrapup_run'.
Inserting `luaotfload.harf.finalize_unicode' at position 1 in `finish_pdffile'.
Inserting `luaotfload.glyphinfo' at position 1 in `glyph_info'.
Lua-only attribute luaotfload.letterspace_done = 4
Inserting `luaotfload.aux.set_sscale_dimens' at position 1 in `luaotfload.patch_
font'.
Inserting `luaotfload.aux.set_font_index' at position 2 in `luaotfload.patch_fon
t'.
Inserting `luaotfload.aux.patch_cambria_domh' at position 3 in `luaotfload.patch
_font'.
Inserting `luaotfload.aux.fixup_fontdata' at position 1 in `luaotfload.patch_fon
t_unsafe'.
Inserting `luaotfload.aux.set_capheight' at position 4 in `luaotfload.patch_font
'.
Inserting `luaotfload.aux.set_xheight' at position 5 in `luaotfload.patch_font'.
Inserting `luaotfload.rewrite_fontname' at position 6 in `luaotfload.patch_font'
. L3 programming layer <2021-10-18>
Inserting `tracingstacklevels' at position 1 in `input_level_string'. (./input_
accessability.tex
(c:/Users/Chantel.Wetzel/AppData/Roaming/TinyTeX/texmf-dist/tex/latex/pdfmanage
ment-testphase/pdfmanagement-testphase.sty
Package: pdfmanagement-testphase 2021-08-28 v0.95i LaTeX PDF management testpha
se bundle

(c:/Users/Chantel.Wetzel/AppData/Roaming/TinyTeX/texmf-dist/tex/latex/pdfmanage
ment-testphase/pdfmanagement-testphase.ltx
File: pdfmanagement-testphase.ltx 2021-08-28 v0.95i PDF management code (testph
ase)
\g__pdfmanagement_EmbeddedFiles_int=\count179

(c:/Users/Chantel.Wetzel/AppData/Roaming/TinyTeX/texmf-dist/tex/latex/l3experim
ental/l3bitset/l3bitset.sty
Package: l3bitset 2021-08-27 L3 Experimental bitset support
\l__bitset_internal_int=\count180
)))
(c:/Users/Chantel.Wetzel/AppData/Roaming/TinyTeX/texmf-dist/tex/latex/l3kernel/
expl3.sty
Package: expl3 2021-10-18 L3 programming layer (loader) 

(c:/Users/Chantel.Wetzel/AppData/Roaming/TinyTeX/texmf-dist/tex/latex/l3backend
/l3backend-luatex.def
File: l3backend-luatex.def 2021-10-18 L3 backend support: PDF output (LuaTeX)
\l__color_backend_stack_int=\count181
\l__pdf_internal_box=\box50
))
(c:/Users/Chantel.Wetzel/AppData/Roaming/TinyTeX/texmf-dist/tex/latex/pdfmanage
ment-testphase/l3backend-testphase-luatex.def
File: l3backend-testphase-luatex.def 2021-08-28 LaTeX PDF management testphase 
bundle backend support:PDFoutput(LuaTeX)

(c:/Users/Chantel.Wetzel/AppData/Roaming/TinyTeX/texmf-dist/tex/latex/pdfmanage
ment-testphase/l3ref-tmp.sty
Package: l3ref-tmp 2021-06-23 L3 Experimental cross-referencing
)
\l__pdf_backend_tmpa_box=\box51
\l__pdf_backend_tmpb_box=\box52
\g__pdf_backend_resourceid_int=\count182
\g__pdf_backend_name_int=\count183
\g__pdf_backend_page_int=\count184
)
(c:/Users/Chantel.Wetzel/AppData/Roaming/TinyTeX/texmf-dist/tex/latex/pdfmanage
ment-testphase/pdfmanagement-firstaid.sty
Package: pdfmanagement-firstaid 2021-08-28 v0.95i LaTeX PDF management testphas
e bundle / firstaid-patches

(c:/Users/Chantel.Wetzel/AppData/Roaming/TinyTeX/texmf-dist/tex/latex/pdfmanage
ment-testphase/output-patches-tmp-ltx.sty
Package: output-patches-tmp-ltx 2021-08-20 v0.95 Temporary patches of output co
mmands

(c:/Users/Chantel.Wetzel/AppData/Roaming/TinyTeX/texmf-dist/tex/latex/etoolbox/
etoolbox.sty
Package: etoolbox 2020/10/05 v2.5k e-TeX tools for LaTeX (JAW)
\etb@tempcnta=\count185
)
Patching header in \@outputpage
Patching footer in \@outputpage
Patching \@makecol for tagging
Patching \@makecol for tagging
)

Package pdfmanagement Info: loading pdfmanagement firstaid code for pgf

))
(c:/Users/Chantel.Wetzel/AppData/Roaming/TinyTeX/texmf-dist/tex/latex/base/arti
cle.cls
Document Class: article 2021/02/12 v1.4n Standard LaTeX document class

(c:/Users/Chantel.Wetzel/AppData/Roaming/TinyTeX/texmf-dist/tex/latex/base/size
11.clo
File: size11.clo 2021/02/12 v1.4n Standard LaTeX file (size option)
luaotfload | db : Font names database loaded from C:/Users/Chantel.Wetzel/AppDat
a/Roaming/TinyTeX/texmf-var/luatex-cache/generic/names/luaotfload-names.luc)
\c@part=\count186
\c@section=\count187
\c@subsection=\count188
\c@subsubsection=\count189
\c@paragraph=\count190
\c@subparagraph=\count191
\c@figure=\count192
\c@table=\count193
\abovecaptionskip=\skip47
\belowcaptionskip=\skip48
\bibindent=\dimen138
) (./sa4ss.sty
Package: sa4ss 2020/11/10 v0.99 sa4ss package

(c:/Users/Chantel.Wetzel/AppData/Roaming/TinyTeX/texmf-dist/tex/latex/pgf/front
endlayer/tikz.sty
(c:/Users/Chantel.Wetzel/AppData/Roaming/TinyTeX/texmf-dist/tex/latex/pgf/basic
layer/pgf.sty
(c:/Users/Chantel.Wetzel/AppData/Roaming/TinyTeX/texmf-dist/tex/latex/pgf/utili
ties/pgfrcs.sty
(c:/Users/Chantel.Wetzel/AppData/Roaming/TinyTeX/texmf-dist/tex/generic/pgf/uti
lities/pgfutil-common.tex
\pgfutil@everybye=\toks16
\pgfutil@tempdima=\dimen139
\pgfutil@tempdimb=\dimen140

(c:/Users/Chantel.Wetzel/AppData/Roaming/TinyTeX/texmf-dist/tex/generic/pgf/uti
lities/pgfutil-common-lists.tex))
(c:/Users/Chantel.Wetzel/AppData/Roaming/TinyTeX/texmf-dist/tex/generic/pgf/uti
lities/pgfutil-latex.def
\pgfutil@abb=\box53
)
(c:/Users/Chantel.Wetzel/AppData/Roaming/TinyTeX/texmf-dist/tex/generic/pgf/uti
lities/pgfrcs.code.tex
(c:/Users/Chantel.Wetzel/AppData/Roaming/TinyTeX/texmf-dist/tex/generic/pgf/pgf
.revision.tex)
Package: pgfrcs 2021/05/15 v3.1.9a (3.1.9a)
))
Package: pgf 2021/05/15 v3.1.9a (3.1.9a)

(c:/Users/Chantel.Wetzel/AppData/Roaming/TinyTeX/texmf-dist/tex/latex/pgf/basic
layer/pgfcore.sty
(c:/Users/Chantel.Wetzel/AppData/Roaming/TinyTeX/texmf-dist/tex/latex/graphics/
graphicx.sty
Package: graphicx 2020/12/05 v1.2c Enhanced LaTeX Graphics (DPC,SPQR)

(c:/Users/Chantel.Wetzel/AppData/Roaming/TinyTeX/texmf-dist/tex/latex/graphics/
keyval.sty
Package: keyval 2014/10/28 v1.15 key=value parser (DPC)
\KV@toks@=\toks17
)
(c:/Users/Chantel.Wetzel/AppData/Roaming/TinyTeX/texmf-dist/tex/latex/graphics/
graphics.sty
Package: graphics 2021/03/04 v1.4d Standard LaTeX Graphics (DPC,SPQR)

(c:/Users/Chantel.Wetzel/AppData/Roaming/TinyTeX/texmf-dist/tex/latex/graphics/
trig.sty
Package: trig 2016/01/03 v1.10 sin cos tan (DPC)
)
(c:/Users/Chantel.Wetzel/AppData/Roaming/TinyTeX/texmf-dist/tex/latex/graphics-
cfg/graphics.cfg
File: graphics.cfg 2016/06/04 v1.11 sample graphics configuration
)
Package graphics Info: Driver file: luatex.def on input line 107.

(c:/Users/Chantel.Wetzel/AppData/Roaming/TinyTeX/texmf-dist/tex/latex/graphics-
def/luatex.def
File: luatex.def 2021/06/01 v1.2c Graphics/color driver for luatex
))
\Gin@req@height=\dimen141
\Gin@req@width=\dimen142
)
(c:/Users/Chantel.Wetzel/AppData/Roaming/TinyTeX/texmf-dist/tex/latex/pgf/syste
mlayer/pgfsys.sty
(c:/Users/Chantel.Wetzel/AppData/Roaming/TinyTeX/texmf-dist/tex/generic/pgf/sys
temlayer/pgfsys.code.tex
Package: pgfsys 2021/05/15 v3.1.9a (3.1.9a)

(c:/Users/Chantel.Wetzel/AppData/Roaming/TinyTeX/texmf-dist/tex/generic/pgf/uti
lities/pgfkeys.code.tex
\pgfkeys@pathtoks=\toks18
\pgfkeys@temptoks=\toks19

(c:/Users/Chantel.Wetzel/AppData/Roaming/TinyTeX/texmf-dist/tex/generic/pgf/uti
lities/pgfkeysfiltered.code.tex
\pgfkeys@tmptoks=\toks20
))
\pgf@x=\dimen143
\pgf@y=\dimen144
\pgf@xa=\dimen145
\pgf@ya=\dimen146
\pgf@xb=\dimen147
\pgf@yb=\dimen148
\pgf@xc=\dimen149
\pgf@yc=\dimen150
\pgf@xd=\dimen151
\pgf@yd=\dimen152
\w@pgf@writea=\write3
\r@pgf@reada=\read2
\c@pgf@counta=\count194
\c@pgf@countb=\count195
\c@pgf@countc=\count196
\c@pgf@countd=\count197
\t@pgf@toka=\toks21
\t@pgf@tokb=\toks22
\t@pgf@tokc=\toks23
\pgf@sys@id@count=\count198

(c:/Users/Chantel.Wetzel/AppData/Roaming/TinyTeX/texmf-dist/tex/generic/pgf/sys
temlayer/pgf.cfg
File: pgf.cfg 2021/05/15 v3.1.9a (3.1.9a)
)
Driver file for pgf: pgfsys-luatex.def

(c:/Users/Chantel.Wetzel/AppData/Roaming/TinyTeX/texmf-dist/tex/generic/pgf/sys
temlayer/pgfsys-luatex.def
File: pgfsys-luatex.def 2021/05/15 v3.1.9a (3.1.9a)

(c:/Users/Chantel.Wetzel/AppData/Roaming/TinyTeX/texmf-dist/tex/generic/pgf/sys
temlayer/pgfsys-common-pdf.def
File: pgfsys-common-pdf.def 2021/05/15 v3.1.9a (3.1.9a)
)))
(c:/Users/Chantel.Wetzel/AppData/Roaming/TinyTeX/texmf-dist/tex/generic/pgf/sys
temlayer/pgfsyssoftpath.code.tex
File: pgfsyssoftpath.code.tex 2021/05/15 v3.1.9a (3.1.9a)
\pgfsyssoftpath@smallbuffer@items=\count199
\pgfsyssoftpath@bigbuffer@items=\count266
)
(c:/Users/Chantel.Wetzel/AppData/Roaming/TinyTeX/texmf-dist/tex/generic/pgf/sys
temlayer/pgfsysprotocol.code.tex
File: pgfsysprotocol.code.tex 2021/05/15 v3.1.9a (3.1.9a)
))
(c:/Users/Chantel.Wetzel/AppData/Roaming/TinyTeX/texmf-dist/tex/latex/xcolor/xc
olor.sty
Package: xcolor 2016/05/11 v2.12 LaTeX color extensions (UK)

(c:/Users/Chantel.Wetzel/AppData/Roaming/TinyTeX/texmf-dist/tex/latex/graphics-
cfg/color.cfg
File: color.cfg 2016/01/02 v1.6 sample color configuration
)
Package xcolor Info: Driver file: luatex.def on input line 225.
Package xcolor Info: Model `cmy' substituted by `cmy0' on input line 1348.
Package xcolor Info: Model `hsb' substituted by `rgb' on input line 1352.
Package xcolor Info: Model `RGB' extended on input line 1364.
Package xcolor Info: Model `HTML' substituted by `rgb' on input line 1366.
Package xcolor Info: Model `Hsb' substituted by `hsb' on input line 1367.
Package xcolor Info: Model `tHsb' substituted by `hsb' on input line 1368.
Package xcolor Info: Model `HSB' substituted by `hsb' on input line 1369.
Package xcolor Info: Model `Gray' substituted by `gray' on input line 1370.
Package xcolor Info: Model `wave' substituted by `hsb' on input line 1371.
)
(c:/Users/Chantel.Wetzel/AppData/Roaming/TinyTeX/texmf-dist/tex/latex/pdfmanage
ment-testphase/xcolor-patches-tmp-ltx.sty
Package: xcolor-patches-tmp-ltx 2021-08-28 v0.95i patch xcolor for l3color
)
(c:/Users/Chantel.Wetzel/AppData/Roaming/TinyTeX/texmf-dist/tex/generic/pgf/bas
iclayer/pgfcore.code.tex
Package: pgfcore 2021/05/15 v3.1.9a (3.1.9a)

(c:/Users/Chantel.Wetzel/AppData/Roaming/TinyTeX/texmf-dist/tex/generic/pgf/mat
h/pgfmath.code.tex
(c:/Users/Chantel.Wetzel/AppData/Roaming/TinyTeX/texmf-dist/tex/generic/pgf/mat
h/pgfmathcalc.code.tex
(c:/Users/Chantel.Wetzel/AppData/Roaming/TinyTeX/texmf-dist/tex/generic/pgf/mat
h/pgfmathutil.code.tex)
(c:/Users/Chantel.Wetzel/AppData/Roaming/TinyTeX/texmf-dist/tex/generic/pgf/mat
h/pgfmathparser.code.tex
\pgfmath@dimen=\dimen153
\pgfmath@count=\count267
\pgfmath@box=\box54
\pgfmath@toks=\toks24
\pgfmath@stack@operand=\toks25
\pgfmath@stack@operation=\toks26
)
(c:/Users/Chantel.Wetzel/AppData/Roaming/TinyTeX/texmf-dist/tex/generic/pgf/mat
h/pgfmathfunctions.code.tex
(c:/Users/Chantel.Wetzel/AppData/Roaming/TinyTeX/texmf-dist/tex/generic/pgf/mat
h/pgfmathfunctions.basic.code.tex)
(c:/Users/Chantel.Wetzel/AppData/Roaming/TinyTeX/texmf-dist/tex/generic/pgf/mat
h/pgfmathfunctions.trigonometric.code.tex)
(c:/Users/Chantel.Wetzel/AppData/Roaming/TinyTeX/texmf-dist/tex/generic/pgf/mat
h/pgfmathfunctions.random.code.tex)
(c:/Users/Chantel.Wetzel/AppData/Roaming/TinyTeX/texmf-dist/tex/generic/pgf/mat
h/pgfmathfunctions.comparison.code.tex)
(c:/Users/Chantel.Wetzel/AppData/Roaming/TinyTeX/texmf-dist/tex/generic/pgf/mat
h/pgfmathfunctions.base.code.tex)
(c:/Users/Chantel.Wetzel/AppData/Roaming/TinyTeX/texmf-dist/tex/generic/pgf/mat
h/pgfmathfunctions.round.code.tex)
(c:/Users/Chantel.Wetzel/AppData/Roaming/TinyTeX/texmf-dist/tex/generic/pgf/mat
h/pgfmathfunctions.misc.code.tex)
(c:/Users/Chantel.Wetzel/AppData/Roaming/TinyTeX/texmf-dist/tex/generic/pgf/mat
h/pgfmathfunctions.integerarithmetics.code.tex)))
(c:/Users/Chantel.Wetzel/AppData/Roaming/TinyTeX/texmf-dist/tex/generic/pgf/mat
h/pgfmathfloat.code.tex
\c@pgfmathroundto@lastzeros=\count268
))
(c:/Users/Chantel.Wetzel/AppData/Roaming/TinyTeX/texmf-dist/tex/generic/pgf/mat
h/pgfint.code.tex)
(c:/Users/Chantel.Wetzel/AppData/Roaming/TinyTeX/texmf-dist/tex/generic/pgf/bas
iclayer/pgfcorepoints.code.tex
File: pgfcorepoints.code.tex 2021/05/15 v3.1.9a (3.1.9a)
\pgf@picminx=\dimen154
\pgf@picmaxx=\dimen155
\pgf@picminy=\dimen156
\pgf@picmaxy=\dimen157
\pgf@pathminx=\dimen158
\pgf@pathmaxx=\dimen159
\pgf@pathminy=\dimen160
\pgf@pathmaxy=\dimen161
\pgf@xx=\dimen162
\pgf@xy=\dimen163
\pgf@yx=\dimen164
\pgf@yy=\dimen165
\pgf@zx=\dimen166
\pgf@zy=\dimen167
)
(c:/Users/Chantel.Wetzel/AppData/Roaming/TinyTeX/texmf-dist/tex/generic/pgf/bas
iclayer/pgfcorepathconstruct.code.tex
File: pgfcorepathconstruct.code.tex 2021/05/15 v3.1.9a (3.1.9a)
\pgf@path@lastx=\dimen168
\pgf@path@lasty=\dimen169
)
(c:/Users/Chantel.Wetzel/AppData/Roaming/TinyTeX/texmf-dist/tex/generic/pgf/bas
iclayer/pgfcorepathusage.code.tex
File: pgfcorepathusage.code.tex 2021/05/15 v3.1.9a (3.1.9a)
\pgf@shorten@end@additional=\dimen170
\pgf@shorten@start@additional=\dimen171
)
(c:/Users/Chantel.Wetzel/AppData/Roaming/TinyTeX/texmf-dist/tex/generic/pgf/bas
iclayer/pgfcorescopes.code.tex
File: pgfcorescopes.code.tex 2021/05/15 v3.1.9a (3.1.9a)
\pgfpic=\box55
\pgf@hbox=\box56
\pgf@layerbox@main=\box57
\pgf@picture@serial@count=\count269
)
(c:/Users/Chantel.Wetzel/AppData/Roaming/TinyTeX/texmf-dist/tex/generic/pgf/bas
iclayer/pgfcoregraphicstate.code.tex
File: pgfcoregraphicstate.code.tex 2021/05/15 v3.1.9a (3.1.9a)
\pgflinewidth=\dimen172
)
(c:/Users/Chantel.Wetzel/AppData/Roaming/TinyTeX/texmf-dist/tex/generic/pgf/bas
iclayer/pgfcoretransformations.code.tex
File: pgfcoretransformations.code.tex 2021/05/15 v3.1.9a (3.1.9a)
\pgf@pt@x=\dimen173
\pgf@pt@y=\dimen174
\pgf@pt@temp=\dimen175
)
(c:/Users/Chantel.Wetzel/AppData/Roaming/TinyTeX/texmf-dist/tex/generic/pgf/bas
iclayer/pgfcorequick.code.tex
File: pgfcorequick.code.tex 2021/05/15 v3.1.9a (3.1.9a)
)
(c:/Users/Chantel.Wetzel/AppData/Roaming/TinyTeX/texmf-dist/tex/generic/pgf/bas
iclayer/pgfcoreobjects.code.tex
File: pgfcoreobjects.code.tex 2021/05/15 v3.1.9a (3.1.9a)
)
(c:/Users/Chantel.Wetzel/AppData/Roaming/TinyTeX/texmf-dist/tex/generic/pgf/bas
iclayer/pgfcorepathprocessing.code.tex
File: pgfcorepathprocessing.code.tex 2021/05/15 v3.1.9a (3.1.9a)
)
(c:/Users/Chantel.Wetzel/AppData/Roaming/TinyTeX/texmf-dist/tex/generic/pgf/bas
iclayer/pgfcorearrows.code.tex
File: pgfcorearrows.code.tex 2021/05/15 v3.1.9a (3.1.9a)
\pgfarrowsep=\dimen176
)
(c:/Users/Chantel.Wetzel/AppData/Roaming/TinyTeX/texmf-dist/tex/generic/pgf/bas
iclayer/pgfcoreshade.code.tex
File: pgfcoreshade.code.tex 2021/05/15 v3.1.9a (3.1.9a)
\pgf@max=\dimen177
\pgf@sys@shading@range@num=\count270
\pgf@shadingcount=\count271
)
(c:/Users/Chantel.Wetzel/AppData/Roaming/TinyTeX/texmf-dist/tex/generic/pgf/bas
iclayer/pgfcoreimage.code.tex
File: pgfcoreimage.code.tex 2021/05/15 v3.1.9a (3.1.9a)

(c:/Users/Chantel.Wetzel/AppData/Roaming/TinyTeX/texmf-dist/tex/generic/pgf/bas
iclayer/pgfcoreexternal.code.tex
File: pgfcoreexternal.code.tex 2021/05/15 v3.1.9a (3.1.9a)
\pgfexternal@startupbox=\box58
))
(c:/Users/Chantel.Wetzel/AppData/Roaming/TinyTeX/texmf-dist/tex/generic/pgf/bas
iclayer/pgfcorelayers.code.tex
File: pgfcorelayers.code.tex 2021/05/15 v3.1.9a (3.1.9a)
)
(c:/Users/Chantel.Wetzel/AppData/Roaming/TinyTeX/texmf-dist/tex/generic/pgf/bas
iclayer/pgfcoretransparency.code.tex
File: pgfcoretransparency.code.tex 2021/05/15 v3.1.9a (3.1.9a)
)
(c:/Users/Chantel.Wetzel/AppData/Roaming/TinyTeX/texmf-dist/tex/generic/pgf/bas
iclayer/pgfcorepatterns.code.tex
File: pgfcorepatterns.code.tex 2021/05/15 v3.1.9a (3.1.9a)
)
(c:/Users/Chantel.Wetzel/AppData/Roaming/TinyTeX/texmf-dist/tex/generic/pgf/bas
iclayer/pgfcorerdf.code.tex
File: pgfcorerdf.code.tex 2021/05/15 v3.1.9a (3.1.9a)
)))
(c:/Users/Chantel.Wetzel/AppData/Roaming/TinyTeX/texmf-dist/tex/generic/pgf/mod
ules/pgfmoduleshapes.code.tex
File: pgfmoduleshapes.code.tex 2021/05/15 v3.1.9a (3.1.9a)
\pgfnodeparttextbox=\box59
)
(c:/Users/Chantel.Wetzel/AppData/Roaming/TinyTeX/texmf-dist/tex/generic/pgf/mod
ules/pgfmoduleplot.code.tex
File: pgfmoduleplot.code.tex 2021/05/15 v3.1.9a (3.1.9a)
)
(c:/Users/Chantel.Wetzel/AppData/Roaming/TinyTeX/texmf-dist/tex/latex/pgf/compa
tibility/pgfcomp-version-0-65.sty
Package: pgfcomp-version-0-65 2021/05/15 v3.1.9a (3.1.9a)
\pgf@nodesepstart=\dimen178
\pgf@nodesepend=\dimen179
)
(c:/Users/Chantel.Wetzel/AppData/Roaming/TinyTeX/texmf-dist/tex/latex/pgf/compa
tibility/pgfcomp-version-1-18.sty
Package: pgfcomp-version-1-18 2021/05/15 v3.1.9a (3.1.9a)
))
(c:/Users/Chantel.Wetzel/AppData/Roaming/TinyTeX/texmf-dist/tex/latex/pgf/utili
ties/pgffor.sty
(c:/Users/Chantel.Wetzel/AppData/Roaming/TinyTeX/texmf-dist/tex/latex/pgf/utili
ties/pgfkeys.sty
(c:/Users/Chantel.Wetzel/AppData/Roaming/TinyTeX/texmf-dist/tex/generic/pgf/uti
lities/pgfkeys.code.tex))
(c:/Users/Chantel.Wetzel/AppData/Roaming/TinyTeX/texmf-dist/tex/latex/pgf/math/
pgfmath.sty
(c:/Users/Chantel.Wetzel/AppData/Roaming/TinyTeX/texmf-dist/tex/generic/pgf/mat
h/pgfmath.code.tex))
(c:/Users/Chantel.Wetzel/AppData/Roaming/TinyTeX/texmf-dist/tex/generic/pgf/uti
lities/pgffor.code.tex
Package: pgffor 2021/05/15 v3.1.9a (3.1.9a)

(c:/Users/Chantel.Wetzel/AppData/Roaming/TinyTeX/texmf-dist/tex/generic/pgf/mat
h/pgfmath.code.tex)
\pgffor@iter=\dimen180
\pgffor@skip=\dimen181
\pgffor@stack=\toks27
\pgffor@toks=\toks28
))
(c:/Users/Chantel.Wetzel/AppData/Roaming/TinyTeX/texmf-dist/tex/generic/pgf/fro
ntendlayer/tikz/tikz.code.tex
Package: tikz 2021/05/15 v3.1.9a (3.1.9a)

(c:/Users/Chantel.Wetzel/AppData/Roaming/TinyTeX/texmf-dist/tex/generic/pgf/lib
raries/pgflibraryplothandlers.code.tex
File: pgflibraryplothandlers.code.tex 2021/05/15 v3.1.9a (3.1.9a)
\pgf@plot@mark@count=\count272
\pgfplotmarksize=\dimen182
)
\tikz@lastx=\dimen183
\tikz@lasty=\dimen184
\tikz@lastxsaved=\dimen185
\tikz@lastysaved=\dimen186
\tikz@lastmovetox=\dimen187
\tikz@lastmovetoy=\dimen188
\tikzleveldistance=\dimen189
\tikzsiblingdistance=\dimen190
\tikz@figbox=\box60
\tikz@figbox@bg=\box61
\tikz@tempbox=\box62
\tikz@tempbox@bg=\box63
\tikztreelevel=\count273
\tikznumberofchildren=\count274
\tikznumberofcurrentchild=\count275
\tikz@fig@count=\count276

(c:/Users/Chantel.Wetzel/AppData/Roaming/TinyTeX/texmf-dist/tex/generic/pgf/mod
ules/pgfmodulematrix.code.tex
File: pgfmodulematrix.code.tex 2021/05/15 v3.1.9a (3.1.9a)
\pgfmatrixcurrentrow=\count277
\pgfmatrixcurrentcolumn=\count278
\pgf@matrix@numberofcolumns=\count279
)
\tikz@expandcount=\count280

(c:/Users/Chantel.Wetzel/AppData/Roaming/TinyTeX/texmf-dist/tex/generic/pgf/fro
ntendlayer/tikz/libraries/tikzlibrarytopaths.code.tex
File: tikzlibrarytopaths.code.tex 2021/05/15 v3.1.9a (3.1.9a)
)))
(c:/Users/Chantel.Wetzel/AppData/Roaming/TinyTeX/texmf-dist/tex/latex/geometry/
geometry.sty
Package: geometry 2020/01/02 v5.9 Page Geometry

(c:/Users/Chantel.Wetzel/AppData/Roaming/TinyTeX/texmf-dist/tex/generic/iftex/i
fvtex.sty
Package: ifvtex 2019/10/25 v1.7 ifvtex legacy package. Use iftex instead.

(c:/Users/Chantel.Wetzel/AppData/Roaming/TinyTeX/texmf-dist/tex/generic/iftex/i
ftex.sty
Package: iftex 2020/03/06 v1.0d TeX engine tests
))
\Gm@cnth=\count281
\Gm@cntv=\count282
\c@Gm@tempcnt=\count283
\Gm@bindingoffset=\dimen191
\Gm@wd@mp=\dimen192
\Gm@odd@mp=\dimen193
\Gm@even@mp=\dimen194
\Gm@layoutwidth=\dimen195
\Gm@layoutheight=\dimen196
\Gm@layouthoffset=\dimen197
\Gm@layoutvoffset=\dimen198
\Gm@dimlist=\toks29
)
(c:/Users/Chantel.Wetzel/AppData/Roaming/TinyTeX/texmf-dist/tex/latex/lastpage/
lastpage.sty
Package: lastpage 2021/09/03 v1.2n Refers to last page's name (HMM; JPG)
)
(c:/Users/Chantel.Wetzel/AppData/Roaming/TinyTeX/texmf-dist/tex/latex/fancyhdr/
fancyhdr.sty
Package: fancyhdr 2021/01/28 v4.0.1 Extensive control of page headers and foote
rs
\f@nch@headwidth=\skip49
\f@nch@O@elh=\skip50
\f@nch@O@erh=\skip51
\f@nch@O@olh=\skip52
\f@nch@O@orh=\skip53
\f@nch@O@elf=\skip54
\f@nch@O@erf=\skip55
\f@nch@O@olf=\skip56
\f@nch@O@orf=\skip57
)
(c:/Users/Chantel.Wetzel/AppData/Roaming/TinyTeX/texmf-dist/tex/latex/hanging/h
anging.sty
Package: hanging 2009/09/02 v1.2b hanging paragraphs and punctuation
\h@ngcommawd=\skip58
\h@ngfstopwd=\skip59
\h@ngquotewd=\skip60
\h@ngdquotewd=\skip61
\h@ngquerywd=\skip62
\h@ngexclwd=\skip63
\h@ngcolonwd=\skip64
\h@ngscolonwd=\skip65
)
(c:/Users/Chantel.Wetzel/AppData/Roaming/TinyTeX/texmf-dist/tex/latex/pdfmanage
ment-testphase/pdflscape-ltx.sty
Package: pdflscape-ltx 2021-08-28 v0.95i Display of landscape pages in PDF - ad
aption of pdflscape to the PDFmanagement bundle (testphase)

(c:/Users/Chantel.Wetzel/AppData/Roaming/TinyTeX/texmf-dist/tex/latex/graphics/
lscape.sty
Package: lscape 2020/05/28 v3.02 Landscape Pages (DPC)
))
(c:/Users/Chantel.Wetzel/AppData/Roaming/TinyTeX/texmf-dist/tex/latex/setspace/
setspace.sty
Package: setspace 2011/12/19 v6.7a set line spacing
)
(c:/Users/Chantel.Wetzel/AppData/Roaming/TinyTeX/texmf-dist/tex/latex/float/flo
at.sty
Package: float 2001/11/08 v1.3d Float enhancements (AL)
\c@float@type=\count284
\float@exts=\toks30
\float@box=\box64
\@float@everytoks=\toks31
\@floatcapt=\box65
)
(c:/Users/Chantel.Wetzel/AppData/Roaming/TinyTeX/texmf-dist/tex/latex/url/url.s
ty
\Urlmuskip=\muskip16
Package: url 2013/09/16  ver 3.4  Verb mode for urls, etc.
)
(c:/Users/Chantel.Wetzel/AppData/Roaming/TinyTeX/texmf-dist/tex/latex/hyperref/
hyperref.sty
Package: hyperref 2021-06-07 v7.00m Hypertext links for LaTeX

(c:/Users/Chantel.Wetzel/AppData/Roaming/TinyTeX/texmf-dist/tex/generic/ltxcmds
/ltxcmds.sty
Package: ltxcmds 2020-05-10 v1.25 LaTeX kernel commands for general use (HO)
)
(c:/Users/Chantel.Wetzel/AppData/Roaming/TinyTeX/texmf-dist/tex/generic/pdftexc
mds/pdftexcmds.sty
Package: pdftexcmds 2020-06-27 v0.33 Utility functions of pdfTeX for LuaTeX (HO
)

(c:/Users/Chantel.Wetzel/AppData/Roaming/TinyTeX/texmf-dist/tex/generic/infware
rr/infwarerr.sty
Package: infwarerr 2019/12/03 v1.5 Providing info/warning/error messages (HO)
)
Package pdftexcmds Info: \pdf@primitive is available.
Package pdftexcmds Info: \pdf@ifprimitive is available.
Package pdftexcmds Info: \pdfdraftmode found.
\pdftexcmds@toks=\toks32
)
(c:/Users/Chantel.Wetzel/AppData/Roaming/TinyTeX/texmf-dist/tex/generic/kvsetke
ys/kvsetkeys.sty
Package: kvsetkeys 2019/12/15 v1.18 Key value parser (HO)
)
(c:/Users/Chantel.Wetzel/AppData/Roaming/TinyTeX/texmf-dist/tex/generic/kvdefin
ekeys/kvdefinekeys.sty
Package: kvdefinekeys 2019-12-19 v1.6 Define keys (HO)
)
(c:/Users/Chantel.Wetzel/AppData/Roaming/TinyTeX/texmf-dist/tex/generic/pdfesca
pe/pdfescape.sty
Package: pdfescape 2019/12/09 v1.15 Implements pdfTeX's escape features (HO)
)
(c:/Users/Chantel.Wetzel/AppData/Roaming/TinyTeX/texmf-dist/tex/latex/hycolor/h
ycolor.sty
Package: hycolor 2020-01-27 v1.10 Color options for hyperref/bookmark (HO)
)
(c:/Users/Chantel.Wetzel/AppData/Roaming/TinyTeX/texmf-dist/tex/latex/letltxmac
ro/letltxmacro.sty
Package: letltxmacro 2019/12/03 v1.6 Let assignment for LaTeX macros (HO)
)
(c:/Users/Chantel.Wetzel/AppData/Roaming/TinyTeX/texmf-dist/tex/latex/auxhook/a
uxhook.sty
Package: auxhook 2019-12-17 v1.6 Hooks for auxiliary files (HO)
)
(c:/Users/Chantel.Wetzel/AppData/Roaming/TinyTeX/texmf-dist/tex/latex/kvoptions
/kvoptions.sty
Package: kvoptions 2020-10-07 v3.14 Key value format for package options (HO)
)
\@linkdim=\dimen199
\Hy@linkcounter=\count285
\Hy@pagecounter=\count286

(c:/Users/Chantel.Wetzel/AppData/Roaming/TinyTeX/texmf-dist/tex/latex/hyperref/
pd1enc.def
File: pd1enc.def 2021-06-07 v7.00m Hyperref: PDFDocEncoding definition (HO)
)
(c:/Users/Chantel.Wetzel/AppData/Roaming/TinyTeX/texmf-dist/tex/latex/hyperref/
hyperref-langpatches.def
File: hyperref-langpatches.def 2021-06-07 v7.00m Hyperref: patches for babel la
nguages
)
(c:/Users/Chantel.Wetzel/AppData/Roaming/TinyTeX/texmf-dist/tex/generic/intcalc
/intcalc.sty
Package: intcalc 2019/12/15 v1.3 Expandable calculations with integers (HO)
)
(c:/Users/Chantel.Wetzel/AppData/Roaming/TinyTeX/texmf-dist/tex/generic/etexcmd
s/etexcmds.sty
Package: etexcmds 2019/12/15 v1.7 Avoid name clashes with e-TeX commands (HO)
)
\Hy@SavedSpaceFactor=\count287

(c:/Users/Chantel.Wetzel/AppData/Roaming/TinyTeX/texmf-dist/tex/latex/hyperref/
puenc.def
File: puenc.def 2021-06-07 v7.00m Hyperref: PDF Unicode definition (HO)
)
Package hyperref Info: Hyper figures OFF on input line 4192.
Package hyperref Info: Link nesting OFF on input line 4197.
Package hyperref Info: Hyper index ON on input line 4200.
Package hyperref Info: Plain pages OFF on input line 4207.
Package hyperref Info: Backreferencing ON on input line 4210.
Package hyperref Info: Implicit mode ON; LaTeX internals redefined.
Package hyperref Info: Bookmarks ON on input line 4445.

(c:/Users/Chantel.Wetzel/AppData/Roaming/TinyTeX/texmf-dist/tex/latex/hyperref/
backref.sty
Package: backref 2021/02/04 v1.41 Bibliographical back referencing

(c:/Users/Chantel.Wetzel/AppData/Roaming/TinyTeX/texmf-dist/tex/latex/rerunfile
check/rerunfilecheck.sty
Package: rerunfilecheck 2019/12/05 v1.9 Rerun checks for auxiliary files (HO)

(c:/Users/Chantel.Wetzel/AppData/Roaming/TinyTeX/texmf-dist/tex/latex/base/atve
ryend-ltx.sty
Package: atveryend-ltx 2020/08/19 v1.0a Emulation of the original atvery packag
e
with kernel methods
)
(c:/Users/Chantel.Wetzel/AppData/Roaming/TinyTeX/texmf-dist/tex/generic/uniquec
ounter/uniquecounter.sty
Package: uniquecounter 2019/12/15 v1.4 Provide unlimited unique counter (HO)

(c:/Users/Chantel.Wetzel/AppData/Roaming/TinyTeX/texmf-dist/tex/generic/bigintc
alc/bigintcalc.sty
Package: bigintcalc 2019/12/15 v1.5 Expandable calculations on big integers (HO
)
))
Package uniquecounter Info: New unique counter `rerunfilecheck' on input line 2
86.
))
\c@Hy@tempcnt=\count288
LaTeX Info: Redefining \url on input line 4804.
\XeTeXLinkMargin=\dimen256

(c:/Users/Chantel.Wetzel/AppData/Roaming/TinyTeX/texmf-dist/tex/generic/bitset/
bitset.sty
Package: bitset 2019/12/09 v1.3 Handle bit-vector datatype (HO)
)
\Fld@menulength=\count289
\Field@Width=\dimen257
\Fld@charsize=\dimen258
Package hyperref Info: Hyper figures OFF on input line 6076.
Package hyperref Info: Link nesting OFF on input line 6081.
Package hyperref Info: Hyper index ON on input line 6084.
Package hyperref Info: backreferencing ON on input line 6089.
Package hyperref Info: Link coloring OFF on input line 6096.
Package hyperref Info: Link coloring with OCG OFF on input line 6101.
Package hyperref Info: PDF/A mode OFF on input line 6106.
LaTeX Info: Redefining \ref on input line 6146.
LaTeX Info: Redefining \pageref on input line 6150.

(c:/Users/Chantel.Wetzel/AppData/Roaming/TinyTeX/texmf-dist/tex/latex/base/atbe
gshi-ltx.sty
Package: atbegshi-ltx 2021/01/10 v1.0c Emulation of the original atbegshi
package with kernel methods
)
\Hy@abspage=\count290
\c@Item=\count291
\c@Hfootnote=\count292
)
Package hyperref Info: Driver (custom): hgeneric-testphase.

(c:/Users/Chantel.Wetzel/AppData/Roaming/TinyTeX/texmf-dist/tex/latex/pdfmanage
ment-testphase/hgeneric-testphase.def
File: hgeneric-testphase.def 2021-08-28 v0.95i generic Hyperref driver for the 
LaTeX PDF management testphase bundle

(c:/Users/Chantel.Wetzel/AppData/Roaming/TinyTeX/texmf-dist/tex/latex/pdfmanage
ment-testphase/hyperref-colorschemes.def)
LaTeX Info: Redefining \href on input line 259.
LaTeX Info: Redefining \url on input line 349.
\l__hyp_tmpa_box=\box66
\l__hyp_tmpa_int=\count293
\l__hyp_dest_box=\box67
\HyAnn@Count=\count294
\Fld@listcount=\count295
\Hy@SectionHShift=\skip66
LaTeX Info: Redefining \Hy__hypSectionAnchor on input line 3464.
)
(c:/Users/Chantel.Wetzel/AppData/Roaming/TinyTeX/texmf-dist/tex/latex/colortbl/
colortbl.sty
Package: colortbl 2020/01/04 v1.0e Color table columns (DPC)

(c:/Users/Chantel.Wetzel/AppData/Roaming/TinyTeX/texmf-dist/tex/latex/tools/arr
ay.sty
Package: array 2021/04/20 v2.5e Tabular extension package (FMi)
\col@sep=\dimen259
\ar@mcellbox=\box68
\extrarowheight=\dimen260
\NC@list=\toks33
\extratabsurround=\skip67
\backup@length=\skip68
\ar@cellbox=\box69
)
\everycr=\toks34
\minrowclearance=\skip69
)
(c:/Users/Chantel.Wetzel/AppData/Roaming/TinyTeX/texmf-dist/tex/latex/datetime2
/datetime2.sty
Package: datetime2 2021/03/21 v1.5.7 (NLCT) date and time formats

(c:/Users/Chantel.Wetzel/AppData/Roaming/TinyTeX/texmf-dist/tex/latex/tracklang
/tracklang.sty
Package: tracklang 2020/06/30 v1.5 (NLCT) Track Languages

(c:/Users/Chantel.Wetzel/AppData/Roaming/TinyTeX/texmf-dist/tex/generic/trackla
ng/tracklang.tex))
(c:/Users/Chantel.Wetzel/AppData/Roaming/TinyTeX/texmf-dist/tex/latex/xkeyval/x
keyval.sty
Package: xkeyval 2020/11/20 v2.8 package option processing (HA)

(c:/Users/Chantel.Wetzel/AppData/Roaming/TinyTeX/texmf-dist/tex/generic/xkeyval
/xkeyval.tex
(c:/Users/Chantel.Wetzel/AppData/Roaming/TinyTeX/texmf-dist/tex/generic/xkeyval
/xkvutils.tex
\XKV@toks=\toks35
\XKV@tempa@toks=\toks36
)
\XKV@depth=\count296
File: xkeyval.tex 2014/12/03 v2.7a key=value parser (HA)
))
(c:/Users/Chantel.Wetzel/AppData/Roaming/TinyTeX/texmf-dist/tex/latex/datetime2
-english/datetime2-english.ldf
File: datetime2-english.ldf 2019/10/21 v1.05 (NLCT)

(c:/Users/Chantel.Wetzel/AppData/Roaming/TinyTeX/texmf-dist/tex/latex/datetime2
-english/datetime2-english-base.ldf
File: datetime2-english-base.ldf 2019/10/21 v1.05 (NLCT)
)))
(c:/Users/Chantel.Wetzel/AppData/Roaming/TinyTeX/texmf-dist/tex/latex/natbib/na
tbib.sty
Package: natbib 2010/09/13 8.31b (PWD, AO)
\bibhang=\skip70
\bibsep=\skip71
LaTeX Info: Redefining \cite on input line 694.
\c@NAT@ctr=\count297
)
(c:/Users/Chantel.Wetzel/AppData/Roaming/TinyTeX/texmf-dist/tex/latex/fancyvrb/
fancyvrb.sty
Package: fancyvrb 2021/10/15 v3.9 verbatim text (tvz,hv)
\FV@CodeLineNo=\count298
\FV@InFile=\read3
\FV@TabBox=\box70
\c@FancyVerbLine=\count299
\FV@StepNumber=\count300
\FV@OutFile=\write4
)
(c:/Users/Chantel.Wetzel/AppData/Roaming/TinyTeX/texmf-dist/tex/latex/base/allt
t.sty
Package: alltt 2021/01/29 v2.0g defines alltt environment
)
(c:/Users/Chantel.Wetzel/AppData/Roaming/TinyTeX/texmf-dist/tex/latex/amsfonts/
amsfonts.sty
Package: amsfonts 2013/01/14 v3.01 Basic AMSFonts support
\@emptytoks=\toks37
\symAMSa=\mathgroup4
\symAMSb=\mathgroup5
LaTeX Font Info:    Redeclaring math symbol \hbar on input line 98.
LaTeX Font Info:    Overwriting math alphabet `\mathfrak' in version `bold'
(Font)                  U/euf/m/n --> U/euf/b/n on input line 106.
)
(c:/Users/Chantel.Wetzel/AppData/Roaming/TinyTeX/texmf-dist/tex/latex/caption/c
aption.sty
Package: caption 2020/10/26 v3.5g Customizing captions (AR)

(c:/Users/Chantel.Wetzel/AppData/Roaming/TinyTeX/texmf-dist/tex/latex/caption/c
aption3.sty
Package: caption3 2020/10/21 v2.2e caption3 kernel (AR)
\captionmargin=\dimen261
\captionmargin@=\dimen262
\captionwidth=\dimen263
\caption@tempdima=\dimen264
\caption@indent=\dimen265
\caption@parindent=\dimen266
\caption@hangindent=\dimen267
Package caption Info: Standard document class detected.
)
\c@caption@flags=\count301
\c@continuedfloat=\count302
Package caption Info: float package is loaded.
Package caption Info: hyperref package is loaded.
)
(c:/Users/Chantel.Wetzel/AppData/Roaming/TinyTeX/texmf-dist/tex/latex/environ/e
nviron.sty
Package: environ 2014/05/04 v0.3 A new way to define environments

(c:/Users/Chantel.Wetzel/AppData/Roaming/TinyTeX/texmf-dist/tex/latex/trimspace
s/trimspaces.sty
Package: trimspaces 2009/09/17 v1.1 Trim spaces around a token list
)
\@envbody=\toks38
)
(c:/Users/Chantel.Wetzel/AppData/Roaming/TinyTeX/texmf-dist/tex/latex/accsupp/a
ccsupp.sty
Package: accsupp 2019/12/05 v0.6 Accessibility support by marked content (HO)

(c:/Users/Chantel.Wetzel/AppData/Roaming/TinyTeX/texmf-dist/tex/latex/accsupp/a
ccsupp-luatex.def
File: accsupp-luatex.def 2019/12/05 v0.6 accsupp driver for pdfTeX (HO)
))
(c:/Users/Chantel.Wetzel/AppData/Roaming/TinyTeX/texmf-dist/tex/latex/pdfcommen
t/pdfcomment.sty
Package: pdfcomment 2018/11/01 pdfcomment.sty v2.4a - Josef Kleber (C) 2008-201
2, 2015-2016, 2018
\c@pc@count@i=\count303
\c@pc@count@ii=\count304
\c@pc@count@iii=\count305
\c@pc@count@iv=\count306
\pc@mathannot@box=\box71
\pc@nullbox=\box72
\pc@dima=\skip72
\pc@dimb=\skip73
\pc@Sposx=\skip74
\pc@Sposy=\skip75
\pc@Eposx=\skip76
\pc@Eposy=\skip77
\pc@column=\skip78
\pc@box@width=\skip79
\pc@box@height=\skip80
\pc@box@depth=\skip81

(c:/Users/Chantel.Wetzel/AppData/Roaming/TinyTeX/texmf-dist/tex/generic/luatex8
5/luatex85.sty
Package: luatex85 2016/06/15 v1.4 pdftex aliases for luatex
)
(c:/Users/Chantel.Wetzel/AppData/Roaming/TinyTeX/texmf-dist/tex/latex/zref/zref
-savepos.sty
Package: zref-savepos 2020-07-03 v2.32 Module savepos for zref (HO)

(c:/Users/Chantel.Wetzel/AppData/Roaming/TinyTeX/texmf-dist/tex/latex/zref/zref
-base.sty
Package: zref-base 2020-07-03 v2.32 Module base for zref (HO)
Package zref Info: New property list: main on input line 764.
Package zref Info: New property: default on input line 765.
Package zref Info: New property: page on input line 766.
)
Package zref Info: New property list: savepos on input line 80.
Package zref Info: New property: posx on input line 85.
Package zref Info: New property: posy on input line 86.
)
\c@zref@unique=\count307

(c:/Users/Chantel.Wetzel/AppData/Roaming/TinyTeX/texmf-dist/tex/latex/refcount/
refcount.sty
Package: refcount 2019/12/15 v3.6 Data extraction from label references (HO)
)
(c:/Users/Chantel.Wetzel/AppData/Roaming/TinyTeX/texmf-dist/tex/latex/base/ifth
en.sty
Package: ifthen 2020/11/24 v1.1c Standard LaTeX ifthen package (DPC)
)
(c:/Users/Chantel.Wetzel/AppData/Roaming/TinyTeX/texmf-dist/tex/latex/tools/cal
c.sty
Package: calc 2017/05/25 v4.3 Infix arithmetic (KKT,FJ)
\calc@Acount=\count308
\calc@Bcount=\count309
\calc@Adimen=\dimen268
\calc@Bdimen=\dimen269
\calc@Askip=\skip82
\calc@Bskip=\skip83
LaTeX Info: Redefining \setlength on input line 80.
LaTeX Info: Redefining \addtolength on input line 81.
\calc@Ccount=\count310
\calc@Cskip=\skip84
)
(c:/Users/Chantel.Wetzel/AppData/Roaming/TinyTeX/texmf-dist/tex/latex/marginnot
e/marginnote.sty
Package: marginnote 2018/08/09 v1.4b non floating margin notes for LaTeX
\c@mn@abspage=\count311
)
(c:/Users/Chantel.Wetzel/AppData/Roaming/TinyTeX/texmf-dist/tex/generic/iftex/i
fpdf.sty
Package: ifpdf 2019/10/25 v3.4 ifpdf legacy package. Use iftex instead.
)
(c:/Users/Chantel.Wetzel/AppData/Roaming/TinyTeX/texmf-dist/tex/generic/iftex/i
fluatex.sty
Package: ifluatex 2019/10/25 v1.5 ifluatex legacy package. Use iftex instead.
)
(c:/Users/Chantel.Wetzel/AppData/Roaming/TinyTeX/texmf-dist/tex/latex/soulpos/s
oulpos.sty
Package: soulpos 2021/10/15 v1.2 Fancy underlining
\ulp@subcnt=\count312
\ulp@cnt=\count313
\ulp@out=\write5
\ulp@in=\read4
\ulwidth=\dimen270
)

Package hyperref Warning: unknown key luatex of module ’hyp / setup’ set to

(hyperref)                ’’.

Package zref Info: New property list: pdfcomment on input line 2735.
Package zref Info: New property: PCPDFOBJID on input line 2736.
)
(c:/Users/Chantel.Wetzel/AppData/Roaming/TinyTeX/texmf-dist/tex/latex/tagpdf/ta
gpdf.sty
Package: tagpdf 2021-08-27 v0.92  A package to experiment with pdf tagging 
\l__tag_tmpa_int=\count314
\l__tag_tmpa_box=\box73
\l__tag_tmpb_box=\box74
\l__tag_loglevel_int=\count315

(c:/Users/Chantel.Wetzel/AppData/Roaming/TinyTeX/texmf-dist/tex/latex/tagpdf/ta
gpdf-luatex.def
File: tagpdf-luatex.def 2021-08-27 v0.92 tagpdf driver for luatex
Lua module: tagpdf 2021-08-27 0.92 tagpdf lua code
Lua-only attribute g__tag_mc_type_attr = 5
Lua-only attribute g__tag_mc_cnt_attr = 6
Lua-only attribute g__tag_interwordspace_attr = 7
Lua-only attribute g__tag_interwordfont_attr = 8)
\g__tag_para_begin_int=\count316
\g__tag_para_end_int=\count317
\c@g__tag_MCID_abs_int=\count318
\g__tag_MCID_tmp_bypage_int=\count319

(c:/Users/Chantel.Wetzel/AppData/Roaming/TinyTeX/texmf-dist/tex/latex/tagpdf/ta
gpdf-mc-code-lua.sty
Package: tagpdf-mc-code-lua 2021-08-27 v0.92 tagpdf - mc code only for the luam
ode 
)
\c@g__tag_parenttree_obj_int=\count320
\c@g__tag_struct_abs_int=\count321
)
Inserting `markspaces' at position 2 in `pre_linebreak_filter'.
Inserting `markspaces' at position 3 in `hpack_filter'.
(c:/Users/Chantel.Wetzel/AppData/Roaming/TinyTeX/texmf-dist/tex/latex/pgf/utili
ties/pgfpages.sty
Package: pgfpages 2011/01/05 ver 0.02
\pgf@logicalpages=\count322
\pgf@firstshipout=\count323
\pgf@lastshipout=\count324
\pgf@currentshipout=\count325
\pgf@cpn=\count326
\pgf@shipoutnextto=\count327
\pgfphysicalheight=\dimen271
\pgfphysicalwidth=\dimen272
\pgfpages@shipoutbox=\box75
)
(c:/Users/Chantel.Wetzel/AppData/Roaming/TinyTeX/texmf-dist/tex/latex/glossarie
s/base/glossaries.sty
Package: glossaries 2021/10/19 v4.48 (NLCT)

(c:/Users/Chantel.Wetzel/AppData/Roaming/TinyTeX/texmf-dist/tex/latex/mfirstuc/
mfirstuc.sty
Package: mfirstuc 2021/10/15 v2.07 (NLCT)
\@glsmfirst=\toks39
\@glsmrest=\toks40
)
(c:/Users/Chantel.Wetzel/AppData/Roaming/TinyTeX/texmf-dist/tex/latex/textcase/
textcase.sty
Package: textcase 2019/09/14 v1.00 Text only upper/lower case changing (DPC)
)
(c:/Users/Chantel.Wetzel/AppData/Roaming/TinyTeX/texmf-dist/tex/latex/xfor/xfor
.sty
Package: xfor 2009/02/05 v1.05 (NLCT)
)
(c:/Users/Chantel.Wetzel/AppData/Roaming/TinyTeX/texmf-dist/tex/latex/datatool/
datatool-base.sty
Package: datatool-base 2019/09/27 v2.32 (NLCT)

(c:/Users/Chantel.Wetzel/AppData/Roaming/TinyTeX/texmf-dist/tex/latex/amsmath/a
msmath.sty
Package: amsmath 2021/04/20 v2.17j AMS math features
\@mathmargin=\skip85
For additional information on amsmath, use the `?' option.

(c:/Users/Chantel.Wetzel/AppData/Roaming/TinyTeX/texmf-dist/tex/latex/amsmath/a
mstext.sty
Package: amstext 2000/06/29 v2.01 AMS text

(c:/Users/Chantel.Wetzel/AppData/Roaming/TinyTeX/texmf-dist/tex/latex/amsmath/a
msgen.sty
File: amsgen.sty 1999/11/30 v2.0 generic functions
\@emptytoks=\toks41
\ex@=\dimen273
))
(c:/Users/Chantel.Wetzel/AppData/Roaming/TinyTeX/texmf-dist/tex/latex/amsmath/a
msbsy.sty
Package: amsbsy 1999/11/29 v1.2d Bold Symbols
\pmbraise@=\dimen274
)
(c:/Users/Chantel.Wetzel/AppData/Roaming/TinyTeX/texmf-dist/tex/latex/amsmath/a
msopn.sty
Package: amsopn 2016/03/08 v2.02 operator names
LaTeX Info: Redefining \operatorname on input line 43.
)
\inf@bad=\count328
LaTeX Info: Redefining \frac on input line 236.
\uproot@=\count329
\leftroot@=\count330
LaTeX Info: Redefining \overline on input line 399.
\classnum@=\count331
\DOTSCASE@=\count332
LaTeX Info: Redefining \ldots on input line 496.
LaTeX Info: Redefining \dots on input line 499.
LaTeX Info: Redefining \cdots on input line 620.
\Mathstrutbox@=\box76
\strutbox@=\box77
\big@size=\dimen275
LaTeX Font Info:    Redeclaring font encoding OML on input line 743.
LaTeX Font Info:    Redeclaring font encoding OMS on input line 744.
\macc@depth=\count333
\c@MaxMatrixCols=\count334
\dotsspace@=\muskip17
\c@parentequation=\count335
\dspbrk@lvl=\count336
\tag@help=\toks42
\row@=\count337
\column@=\count338
\maxfields@=\count339
\andhelp@=\toks43
\eqnshift@=\dimen276
\alignsep@=\dimen277
\tagshift@=\dimen278
\tagwidth@=\dimen279
\totwidth@=\dimen280
\lineht@=\dimen281
\@envbody=\toks44
\multlinegap=\skip86
\multlinetaggap=\skip87
\mathdisplay@stack=\toks45
LaTeX Info: Redefining \[ on input line 2923.
LaTeX Info: Redefining \] on input line 2924.
)
(c:/Users/Chantel.Wetzel/AppData/Roaming/TinyTeX/texmf-dist/tex/latex/substr/su
bstr.sty
Package: substr 2009/10/20 v1.2 Handle substrings
\c@su@anzahl=\count340
)
(c:/Users/Chantel.Wetzel/AppData/Roaming/TinyTeX/texmf-dist/tex/latex/datatool/
datatool-fp.sty
Package: datatool-fp 2019/09/27 v2.32 (NLCT)

(c:/Users/Chantel.Wetzel/AppData/Roaming/TinyTeX/texmf-dist/tex/latex/fp/fp.sty
Package: fp 1995/04/02
`Fixed Point Package', Version 0.8, April 2, 1995 (C) Michael Mehlich
(c:/Users/Chantel.Wetzel/AppData/Roaming/TinyTeX/texmf-dist/tex/latex/fp/defpat
tern.sty
Package: defpattern 1994/10/12
\actioncount=\count341
)
(c:/Users/Chantel.Wetzel/AppData/Roaming/TinyTeX/texmf-dist/tex/latex/fp/fp-bas
ic.sty
Package: fp-basic 1996/05/13
\FP@xs=\count342
\FP@xia=\count343
\FP@xib=\count344
\FP@xfa=\count345
\FP@xfb=\count346
\FP@rega=\count347
\FP@regb=\count348
\FP@regs=\count349
\FP@times=\count350
)
(c:/Users/Chantel.Wetzel/AppData/Roaming/TinyTeX/texmf-dist/tex/latex/fp/fp-add
ons.sty
Package: fp-addons 1995/03/15
)
(c:/Users/Chantel.Wetzel/AppData/Roaming/TinyTeX/texmf-dist/tex/latex/fp/fp-sna
p.sty
Package: fp-snap 1995/04/05
)
(c:/Users/Chantel.Wetzel/AppData/Roaming/TinyTeX/texmf-dist/tex/latex/fp/fp-exp
.sty
Package: fp-exp 1995/04/03
)
(c:/Users/Chantel.Wetzel/AppData/Roaming/TinyTeX/texmf-dist/tex/latex/fp/fp-tri
go.sty
Package: fp-trigo 1995/04/14
)
(c:/Users/Chantel.Wetzel/AppData/Roaming/TinyTeX/texmf-dist/tex/latex/fp/fp-pas
.sty
Package: fp-pas 1994/08/29
)
(c:/Users/Chantel.Wetzel/AppData/Roaming/TinyTeX/texmf-dist/tex/latex/fp/fp-ran
dom.sty
Package: fp-random 1995/02/23
\FPseed=\count351
)
(c:/Users/Chantel.Wetzel/AppData/Roaming/TinyTeX/texmf-dist/tex/latex/fp/fp-eqn
.sty
Package: fp-eqn 1995/04/03
)
(c:/Users/Chantel.Wetzel/AppData/Roaming/TinyTeX/texmf-dist/tex/latex/fp/fp-upn
.sty
Package: fp-upn 1996/10/21
)
(c:/Users/Chantel.Wetzel/AppData/Roaming/TinyTeX/texmf-dist/tex/latex/fp/fp-eva
l.sty
Package: fp-eval 1995/04/03
)))
\@dtl@toks=\toks46
\@dtl@tmpcount=\count352
\dtl@tmplength=\skip88
\dtl@sortresult=\count353
\@dtl@numgrpsepcount=\count354
\@dtl@datatype=\count355
\dtl@codeA=\count356
\dtl@codeB=\count357
\@dtl@foreach@level=\count358
)
(c:/Users/Chantel.Wetzel/AppData/Roaming/TinyTeX/texmf-dist/tex/latex/glossarie
s/base/glossaries-compatible-307.sty
Package: glossaries-compatible-307 2021/10/19 v4.48 (NLCT)
)
(c:/Users/Chantel.Wetzel/AppData/Roaming/TinyTeX/texmf-dist/tex/latex/glossarie
s-english/glossaries-english.ldf
File: glossaries-english.ldf 2014/11/23 v1.0
)
\gls@level=\count359
\@gls@tmpb=\toks47
\gls@tmplen=\skip89
\glskeylisttok=\toks48
\glslabeltok=\toks49
\glsshorttok=\toks50
\glslongtok=\toks51

(c:/Users/Chantel.Wetzel/AppData/Roaming/TinyTeX/texmf-dist/tex/latex/glossarie
s/styles/glossary-hypernav.sty
Package: glossary-hypernav 2021/10/19 v4.48 (NLCT)
)
(c:/Users/Chantel.Wetzel/AppData/Roaming/TinyTeX/texmf-dist/tex/latex/glossarie
s/styles/glossary-list.sty
Package: glossary-list 2021/10/19 v4.48 (NLCT)
\glslistdottedwidth=\skip90
)
(c:/Users/Chantel.Wetzel/AppData/Roaming/TinyTeX/texmf-dist/tex/latex/glossarie
s/styles/glossary-long.sty
Package: glossary-long 2021/10/19 v4.48 (NLCT)

(c:/Users/Chantel.Wetzel/AppData/Roaming/TinyTeX/texmf-dist/tex/latex/tools/lon
gtable.sty
Package: longtable 2021-05-07 v4.16 Multi-page Table package (DPC)
\LTleft=\skip91
\LTright=\skip92
\LTpre=\skip93
\LTpost=\skip94
\LTchunksize=\count360
\LTcapwidth=\dimen282
\LT@head=\box78
\LT@firsthead=\box79
\LT@foot=\box80
\LT@lastfoot=\box81
\LT@gbox=\box82
\LT@cols=\count361
\LT@rows=\count362
\c@LT@tables=\count363
\c@LT@chunks=\count364
\LT@p@ftn=\toks52
)
\glsdescwidth=\skip95
\glspagelistwidth=\skip96
)
(c:/Users/Chantel.Wetzel/AppData/Roaming/TinyTeX/texmf-dist/tex/latex/glossarie
s/styles/glossary-tree.sty
Package: glossary-tree 2021/10/19 v4.48 (NLCT)
\glstreeindent=\skip97
)) (./sa4ss_glossaries.tex))
(c:/Users/Chantel.Wetzel/AppData/Roaming/TinyTeX/texmf-dist/tex/latex/amsfonts/
amssymb.sty
Package: amssymb 2013/01/14 v3.01 AMS font symbols
)
(c:/Users/Chantel.Wetzel/AppData/Roaming/TinyTeX/texmf-dist/tex/latex/booktabs/
booktabs.sty
Package: booktabs 2020/01/12 v1.61803398 Publication quality tables
\heavyrulewidth=\dimen283
\lightrulewidth=\dimen284
\cmidrulewidth=\dimen285
\belowrulesep=\dimen286
\belowbottomsep=\dimen287
\aboverulesep=\dimen288
\abovetopsep=\dimen289
\cmidrulesep=\dimen290
\cmidrulekern=\dimen291
\defaultaddspace=\dimen292
\@cmidla=\count365
\@cmidlb=\count366
\@aboverulesep=\dimen293
\@belowrulesep=\dimen294
\@thisruleclass=\count367
\@lastruleclass=\count368
\@thisrulewidth=\dimen295
)
(c:/Users/Chantel.Wetzel/AppData/Roaming/TinyTeX/texmf-dist/tex/latex/lm/lmoder
n.sty
Package: lmodern 2015/05/01 v1.6.1 Latin Modern Fonts
LaTeX Font Info:    Overwriting symbol font `operators' in version `normal'
(Font)                  OT1/cmr/m/n --> OT1/lmr/m/n on input line 22.
LaTeX Font Info:    Overwriting symbol font `letters' in version `normal'
(Font)                  OML/cmm/m/it --> OML/lmm/m/it on input line 23.
LaTeX Font Info:    Overwriting symbol font `symbols' in version `normal'
(Font)                  OMS/cmsy/m/n --> OMS/lmsy/m/n on input line 24.
LaTeX Font Info:    Overwriting symbol font `largesymbols' in version `normal'
(Font)                  OMX/cmex/m/n --> OMX/lmex/m/n on input line 25.
LaTeX Font Info:    Overwriting symbol font `operators' in version `bold'
(Font)                  OT1/cmr/bx/n --> OT1/lmr/bx/n on input line 26.
LaTeX Font Info:    Overwriting symbol font `letters' in version `bold'
(Font)                  OML/cmm/b/it --> OML/lmm/b/it on input line 27.
LaTeX Font Info:    Overwriting symbol font `symbols' in version `bold'
(Font)                  OMS/cmsy/b/n --> OMS/lmsy/b/n on input line 28.
LaTeX Font Info:    Overwriting symbol font `largesymbols' in version `bold'
(Font)                  OMX/cmex/m/n --> OMX/lmex/m/n on input line 29.
LaTeX Font Info:    Overwriting math alphabet `\mathbf' in version `normal'
(Font)                  OT1/cmr/bx/n --> OT1/lmr/bx/n on input line 31.
LaTeX Font Info:    Overwriting math alphabet `\mathsf' in version `normal'
(Font)                  OT1/cmss/m/n --> OT1/lmss/m/n on input line 32.
LaTeX Font Info:    Overwriting math alphabet `\mathit' in version `normal'
(Font)                  OT1/cmr/m/it --> OT1/lmr/m/it on input line 33.
LaTeX Font Info:    Overwriting math alphabet `\mathtt' in version `normal'
(Font)                  OT1/cmtt/m/n --> OT1/lmtt/m/n on input line 34.
LaTeX Font Info:    Overwriting math alphabet `\mathbf' in version `bold'
(Font)                  OT1/cmr/bx/n --> OT1/lmr/bx/n on input line 35.
LaTeX Font Info:    Overwriting math alphabet `\mathsf' in version `bold'
(Font)                  OT1/cmss/bx/n --> OT1/lmss/bx/n on input line 36.
LaTeX Font Info:    Overwriting math alphabet `\mathit' in version `bold'
(Font)                  OT1/cmr/bx/it --> OT1/lmr/bx/it on input line 37.
LaTeX Font Info:    Overwriting math alphabet `\mathtt' in version `bold'
(Font)                  OT1/cmtt/m/n --> OT1/lmtt/m/n on input line 38.
)
(c:/Users/Chantel.Wetzel/AppData/Roaming/TinyTeX/texmf-dist/tex/generic/iftex/i
fxetex.sty
Package: ifxetex 2019/10/25 v0.7 ifxetex legacy package. Use iftex instead.
)
(c:/Users/Chantel.Wetzel/AppData/Roaming/TinyTeX/texmf-dist/tex/latex/unicode-m
ath/unicode-math.sty
Package: unicode-math 2020/01/31 v0.8q Unicode maths in XeLaTeX and LuaLaTeX

(c:/Users/Chantel.Wetzel/AppData/Roaming/TinyTeX/texmf-dist/tex/latex/unicode-m
ath/unicode-math-luatex.sty
Package: unicode-math-luatex 2020/01/31 v0.8q Unicode maths in XeLaTeX and LuaL
aTeX

(c:/Users/Chantel.Wetzel/AppData/Roaming/TinyTeX/texmf-dist/tex/latex/l3package
s/xparse/xparse.sty
Package: xparse 2021-08-27 L3 Experimental document command parser
)
(c:/Users/Chantel.Wetzel/AppData/Roaming/TinyTeX/texmf-dist/tex/latex/l3package
s/l3keys2e/l3keys2e.sty
Package: l3keys2e 2021-08-27 LaTeX2e option processing using LaTeX3 keys
)
(c:/Users/Chantel.Wetzel/AppData/Roaming/TinyTeX/texmf-dist/tex/latex/fontspec/
fontspec.sty
Package: fontspec 2020/02/21 v2.7i Font selection for XeLaTeX and LuaLaTeX
Lua module: fontspec 2020/02/21 2.7i Font selection for XeLaTeX and LuaLaTeX
(c:/Users/Chantel.Wetzel/AppData/Roaming/TinyTeX/texmf-dist/tex/latex/fontspec/
fontspec-luatex.sty
Package: fontspec-luatex 2020/02/21 v2.7i Font selection for XeLaTeX and LuaLaT
eX
\l__fontspec_script_int=\count369
\l__fontspec_language_int=\count370
\l__fontspec_strnum_int=\count371
\l__fontspec_tmp_int=\count372
\l__fontspec_tmpa_int=\count373
\l__fontspec_tmpb_int=\count374
\l__fontspec_tmpc_int=\count375
\l__fontspec_em_int=\count376
\l__fontspec_emdef_int=\count377
\l__fontspec_strong_int=\count378
\l__fontspec_strongdef_int=\count379
\l__fontspec_tmpa_dim=\dimen296
\l__fontspec_tmpb_dim=\dimen297
\l__fontspec_tmpc_dim=\dimen298

(c:/Users/Chantel.Wetzel/AppData/Roaming/TinyTeX/texmf-dist/tex/latex/base/font
enc.sty
Package: fontenc 2021/04/29 v2.0v Standard LaTeX package
)
(c:/Users/Chantel.Wetzel/AppData/Roaming/TinyTeX/texmf-dist/tex/latex/fontspec/
fontspec.cfg)
LaTeX Info: Redefining \strong on input line 3946.
))
(c:/Users/Chantel.Wetzel/AppData/Roaming/TinyTeX/texmf-dist/tex/latex/base/fix-
cm.sty
Package: fix-cm 2020/11/24 v1.1t fixes to LaTeX

(c:/Users/Chantel.Wetzel/AppData/Roaming/TinyTeX/texmf-dist/tex/latex/base/ts1e
nc.def
File: ts1enc.def 2001/06/05 v3.0e (jk/car/fm) Standard LaTeX file
LaTeX Font Info:    Redeclaring font encoding TS1 on input line 47.
))
(c:/Users/Chantel.Wetzel/AppData/Roaming/TinyTeX/texmf-dist/tex/lualatex/lualat
ex-math/lualatex-math.sty
Package: lualatex-math 2021/07/05 v1.11 Patches for mathematics typesetting wit
h LuaLaTeX
Lua module: lualatex-math 2013/08/03 1.3 Patches for mathematics typesetting wit
h LuaLaTeX)
\g__um_fam_int=\count380
\g__um_fonts_used_int=\count381
\l__um_primecount_int=\count382
\g__um_primekern_muskip=\muskip18

(c:/Users/Chantel.Wetzel/AppData/Roaming/TinyTeX/texmf-dist/tex/latex/unicode-m
ath/unicode-math-table.tex)))
(c:/Users/Chantel.Wetzel/AppData/Roaming/TinyTeX/texmf-dist/tex/latex/upquote/u
pquote.sty
Package: upquote 2012/04/19 v1.3 upright-quote and grave-accent glyphs in verba
tim

(c:/Users/Chantel.Wetzel/AppData/Roaming/TinyTeX/texmf-dist/tex/latex/base/text
comp.sty
Package: textcomp 2020/02/02 v2.0n Standard LaTeX package
))
(c:/Users/Chantel.Wetzel/AppData/Roaming/TinyTeX/texmf-dist/tex/latex/microtype
/microtype.sty
Package: microtype 2021/03/14 v2.8c Micro-typographical refinements (RS)
\MT@toks=\toks53
\MT@count=\count383
LaTeX Info: Redefining \textls on input line 790.
\MT@outer@kern=\dimen299
LaTeX Info: Redefining \textmicrotypecontext on input line 1374.
\MT@listname@count=\count384

(c:/Users/Chantel.Wetzel/AppData/Roaming/TinyTeX/texmf-dist/tex/latex/microtype
/microtype-luatex.def
File: microtype-luatex.def 2021/03/14 v2.8c Definitions specific to luatex (RS)

Module microtype Info: overwriting function `keepligature' on input line 62
LaTeX Info: Redefining \lsstyle on input line 710.
LaTeX Info: Redefining \lslig on input line 710.
\MT@outer@space=\skip98
)
Package microtype Info: Loading configuration file microtype.cfg.

(c:/Users/Chantel.Wetzel/AppData/Roaming/TinyTeX/texmf-dist/tex/latex/microtype
/microtype.cfg
File: microtype.cfg 2021/03/14 v2.8c microtype main configuration file (RS)
))
(c:/Users/Chantel.Wetzel/AppData/Roaming/TinyTeX/texmf-dist/tex/latex/mdwtools/
footnote.sty
Package: footnote 1997/01/28 1.13 Save footnotes around boxes
\fn@notes=\box83
\fn@width=\dimen300
)
(c:/Users/Chantel.Wetzel/AppData/Roaming/TinyTeX/texmf-dist/tex/generic/babel/b
abel.sty
Package: babel 2021/10/19 3.65 The Babel package

(c:/Users/Chantel.Wetzel/AppData/Roaming/TinyTeX/texmf-dist/tex/generic/babel/l
uababel.def
\bbl@readstream=\read5
\l@dumylang=\language2
Package babel Info: Non-standard hyphenation setup on input line 118.
\l@nohyphenation=\language3
\babelcatcodetablenum=\catcodetable12
\bbl@pattcodes=\catcodetable13
)
\babel@savecnt=\count385
\U@D=\dimen301
\l@unhyphenated=\language4

(c:/Users/Chantel.Wetzel/AppData/Roaming/TinyTeX/texmf-dist/tex/generic/babel/l
uababel.def
\bbl@attr@locale=\attribute9
)
(c:/Users/Chantel.Wetzel/AppData/Roaming/TinyTeX/texmf-dist/tex/generic/babel-e
nglish/english.ldf
Language: english 2017/06/06 v3.3r English support from the babel system
Package babel Info: Hyphen rules for 'british' set to \l@english
(babel)             (\language0). Reported on input line 82.
Package babel Info: Hyphen rules for 'UKenglish' set to \l@english
(babel)             (\language0). Reported on input line 83.
Package babel Info: Hyphen rules for 'canadian' set to \l@english
(babel)             (\language0). Reported on input line 102.
Package babel Info: Hyphen rules for 'australian' set to \l@english
(babel)             (\language0). Reported on input line 105.
Package babel Info: Hyphen rules for 'newzealand' set to \l@english
(babel)             (\language0). Reported on input line 108.
)
(c:/Users/Chantel.Wetzel/AppData/Roaming/TinyTeX/texmf-dist/tex/generic/babel-e
nglish/english.ldf
Language: english 2017/06/06 v3.3r English support from the babel system
))
\csllabelwidth=\skip99
\cslhangindent=\skip100

(c:/Users/Chantel.Wetzel/AppData/Roaming/TinyTeX/texmf-dist/tex/latex/bookmark/
bookmark.sty
Package: bookmark 2020-11-06 v1.29 PDF bookmarks (HO)

(c:/Users/Chantel.Wetzel/AppData/Roaming/TinyTeX/texmf-dist/tex/latex/bookmark/
bkm-pdftex.def
File: bkm-pdftex.def 2020-11-06 v1.29 bookmark driver for pdfTeX (HO)
\BKM@id=\count386
)) (./_main.aux

LaTeX Warning: Label `tab:sub-score' multiply defined.


LaTeX Warning: Label `tab:sub-score' multiply defined.


LaTeX Warning: Label `tab:sub-score' multiply defined.


LaTeX Warning: Label `tab:sub-score' multiply defined.


LaTeX Warning: Label `tab:recr-import' multiply defined.


LaTeX Warning: Label `tab:recr-import' multiply defined.


LaTeX Warning: Label `tab:psa-score' multiply defined.


LaTeX Warning: Label `tab:psa-score' multiply defined.


LaTeX Warning: Label `tab:ass-hist' multiply defined.


LaTeX Warning: Label `tab:ass-hist' multiply defined.


LaTeX Warning: Label `tab:ass-hist' multiply defined.


LaTeX Warning: Label `tab:ass-hist' multiply defined.

)
\openout1 = _main.aux

LaTeX Font Info:    Checking defaults for OML/cmm/m/it on input line 130.
LaTeX Font Info:    ... okay on input line 130.
LaTeX Font Info:    Checking defaults for OMS/cmsy/m/n on input line 130.
LaTeX Font Info:    ... okay on input line 130.
LaTeX Font Info:    Checking defaults for OT1/cmr/m/n on input line 130.
LaTeX Font Info:    ... okay on input line 130.
LaTeX Font Info:    Checking defaults for T1/cmr/m/n on input line 130.
LaTeX Font Info:    ... okay on input line 130.
LaTeX Font Info:    Checking defaults for TS1/cmr/m/n on input line 130.
LaTeX Font Info:    ... okay on input line 130.
LaTeX Font Info:    Checking defaults for TU/lmr/m/n on input line 130.
LaTeX Font Info:    ... okay on input line 130.
LaTeX Font Info:    Checking defaults for OMX/cmex/m/n on input line 130.
LaTeX Font Info:    ... okay on input line 130.
LaTeX Font Info:    Checking defaults for U/cmr/m/n on input line 130.
LaTeX Font Info:    ... okay on input line 130.
LaTeX Font Info:    Checking defaults for PD1/pdf/m/n on input line 130.
LaTeX Font Info:    ... okay on input line 130.
LaTeX Font Info:    Checking defaults for PU/pdf/m/n on input line 130.
LaTeX Font Info:    ... okay on input line 130.

(c:/Users/Chantel.Wetzel/AppData/Roaming/TinyTeX/texmf-dist/tex/latex/epstopdf-
pkg/epstopdf-base.sty
Package: epstopdf-base 2020-01-24 v2.11 Base part for package epstopdf

(c:/Users/Chantel.Wetzel/AppData/Roaming/TinyTeX/texmf-dist/tex/latex/grfext/gr
fext.sty
Package: grfext 2019/12/03 v1.3 Manage graphics extensions (HO)
)
Package epstopdf-base Info: Redefining graphics rule for `.eps' on input line 4
85.
Package grfext Info: Graphics extension search list:
(grfext)             [.pdf,.png,.jpg,.mps,.jpeg,.jbig2,.jb2,.PDF,.PNG,.JPG,.JPE
G,.JBIG2,.JB2,.eps]
(grfext)             \AppendGraphicsExtensions on input line 504.

(c:/Users/Chantel.Wetzel/AppData/Roaming/TinyTeX/texmf-dist/tex/latex/latexconf
ig/epstopdf-sys.cfg
File: epstopdf-sys.cfg 2010/07/13 v1.3 Configuration of (r)epstopdf for TeX Liv
e
))
*geometry* driver: auto-detecting
*geometry* detected driver: luatex
*geometry* verbose mode - [ preamble ] result:
* driver: luatex
* paper: letterpaper
* layout: <same size as paper>
* layoutoffset:(h,v)=(0.0pt,0.0pt)
* hratio: 1:1
* vratio: 1:1
* modes: includehead includefoot 
* h-part:(L,W,R)=(107.97821pt, 398.33858pt, 107.97821pt)
* v-part:(T,H,B)=(72.2698pt, 650.43037pt, 72.2698pt)
* \paperwidth=614.295pt
* \paperheight=794.96999pt
* \textwidth=398.33858pt
* \textheight=570.75125pt
* \oddsidemargin=35.70822pt
* \evensidemargin=35.70822pt
* \topmargin=-0.00018pt
* \headheight=14.0pt
* \headsep=25.0pt
* \topskip=11.0pt
* \footskip=42.67912pt
* \marginparwidth=50.0pt
* \marginparsep=10.0pt
* \columnsep=10.0pt
* \skip\footins=10.0pt plus 4.0pt minus 2.0pt
* \hoffset=0.0pt
* \voffset=0.0pt
* \mag=1000
* \@twocolumnfalse
* \@twosidefalse
* \@mparswitchfalse
* \@reversemarginfalse
* (1in=72.27pt=25.4mm, 1cm=28.453pt)

Package lastpage Info: Please have a look at the pageslts package at
(lastpage)             https://www.ctan.org/pkg/pageslts
(lastpage)             ! on input line 130.
Package hyperref Info: Link coloring OFF on input line 130.

(c:/Users/Chantel.Wetzel/AppData/Roaming/TinyTeX/texmf-dist/tex/latex/hyperref/
nameref.sty
Package: nameref 2021-04-02 v2.47 Cross-referencing by name of section

(c:/Users/Chantel.Wetzel/AppData/Roaming/TinyTeX/texmf-dist/tex/generic/gettitl
estring/gettitlestring.sty
Package: gettitlestring 2019/12/15 v1.6 Cleanup title references (HO)
)
\c@section@level=\count387
)
LaTeX Info: Redefining \ref on input line 130.
LaTeX Info: Redefining \pageref on input line 130.
LaTeX Info: Redefining \nameref on input line 130.
Package backref Info: ** backref set up for natbib ** on input line 130.
Package caption Info: Begin \AtBeginDocument code.
Package caption Info: longtable package is loaded.

(c:/Users/Chantel.Wetzel/AppData/Roaming/TinyTeX/texmf-dist/tex/latex/caption/l
tcaption.sty
Package: ltcaption 2020/05/30 v1.4b longtable captions (AR)
)
Package caption Info: End \AtBeginDocument code.
Package soulpos Info: Loading soulutf8 on input line 130.

(c:/Users/Chantel.Wetzel/AppData/Roaming/TinyTeX/texmf-dist/tex/generic/soulutf
8/soulutf8.sty
Package: soulutf8 2019/12/15 v1.2 Permit use of UTF-8 characters in soul (HO)

(c:/Users/Chantel.Wetzel/AppData/Roaming/TinyTeX/texmf-dist/tex/generic/soul/so
ul.sty
Package: soul 2003/11/17 v2.4 letterspacing/underlining (mf)
\SOUL@word=\toks54
\SOUL@lasttoken=\toks55
\SOUL@cmds=\toks56
\SOUL@buffer=\toks57
\SOUL@token=\toks58
\SOUL@spaceskip=\skip101
\SOUL@ttwidth=\dimen302
\SOUL@uldp=\dimen303
\SOUL@ulht=\dimen304
))
Inserting `tagpdf' at position 1 in `pre_shipout_filter'.
Inserting `tagpdf' at position 2 in `pre_shipout_filter'.
LaTeX Font Info:    Overwriting math alphabet `\mathrm' in version `normal'
(Font)                  OT1/lmr/m/n --> TU/lmr/m/n on input line 130.
LaTeX Font Info:    Overwriting math alphabet `\mathit' in version `normal'
(Font)                  OT1/lmr/m/it --> TU/lmr/m/it on input line 130.
LaTeX Font Info:    Overwriting math alphabet `\mathbf' in version `normal'
(Font)                  OT1/lmr/bx/n --> TU/lmr/bx/n on input line 130.
LaTeX Font Info:    Overwriting math alphabet `\mathsf' in version `normal'
(Font)                  OT1/lmss/m/n --> TU/lmss/m/n on input line 130.
LaTeX Font Info:    Overwriting math alphabet `\mathsf' in version `bold'
(Font)                  OT1/lmss/bx/n --> TU/lmss/bx/n on input line 130.
LaTeX Font Info:    Overwriting math alphabet `\mathtt' in version `normal'
(Font)                  OT1/lmtt/m/n --> TU/lmtt/m/n on input line 130.
LaTeX Font Info:    Overwriting math alphabet `\mathtt' in version `bold'
(Font)                  OT1/lmtt/m/n --> TU/lmtt/bx/n on input line 130.

Package fontspec Info: latinmodern-math scale = 0.9999967668407183.


Package fontspec Info: latinmodern-math scale = 0.9999967668407183.


Package fontspec Info: latinmodern-math scale = 0.9999967668407183.


Package fontspec Info: Font family 'latinmodern-math.otf(0)' created for font
(fontspec)             'latinmodern-math.otf' with options
(fontspec)             [Scale=MatchLowercase,Renderer=Basic,BoldItalicFont={},I
talicFont={},SmallCapsFont={},Script=Math,FontAdjustment={\__um_luatex_copy_fon
tdimens:
(fontspec)             },BoldFont={latinmodern-math.otf}].
(fontspec)              
(fontspec)              This font family consists of the following NFSS
(fontspec)             series/shapes:
(fontspec)              
(fontspec)             - 'normal' (m/n) with NFSS spec.:
(fontspec)             <->s*[0.9999967668407183]"[latinmodern-math.otf]:mode=ba
se;script=math;language=dflt;"
(fontspec)             - 'small caps'  (m/sc) with NFSS spec.: 
(fontspec)             and font adjustment code:
(fontspec)             \__um_luatex_copy_fontdimens: 
(fontspec)             - 'bold' (b/n) with NFSS spec.:
(fontspec)             <->s*[0.9999967668407183]"[latinmodern-math.otf]:mode=ba
se;script=math;language=dflt;"
(fontspec)             - 'bold small caps'  (b/sc) with NFSS spec.: 
(fontspec)             and font adjustment code:
(fontspec)             \__um_luatex_copy_fontdimens: 

LaTeX Font Info:    Font shape `TU/latinmodern-math.otf(0)/m/n' will be
(Font)              scaled to size 10.95pt on input line 130.

Package fontspec Info: latinmodern-math scale = 0.9999967668407183.


Package fontspec Info: latinmodern-math scale = 0.9999967668407183.


Package fontspec Info: latinmodern-math scale = 0.9999967668407183.


Package fontspec Info: latinmodern-math scale = 0.9999967668407183.


Package fontspec Info: latinmodern-math scale = 0.9999967668407183.


Package fontspec Info: Font family 'latinmodern-math.otf(1)' created for font
(fontspec)             'latinmodern-math.otf' with options
(fontspec)             [Scale=MatchLowercase,Renderer=Basic,BoldItalicFont={},I
talicFont={},SmallCapsFont={},Script=Math,SizeFeatures={{Size=9.3075-},{Size=6.
57-9.3075,Font=latinmodern-math.otf,Style=MathScript},{Size=-6.57,Font=latinmod
ern-math.otf,Style=MathScriptScript}},FontAdjustment={\__um_luatex_copy_fontdim
ens:
(fontspec)             },BoldFont={latinmodern-math.otf}].
(fontspec)              
(fontspec)              This font family consists of the following NFSS
(fontspec)             series/shapes:
(fontspec)              
(fontspec)             - 'normal' (m/n) with NFSS spec.:
(fontspec)             <9.3075->s*[0.9999967668407183]"[latinmodern-math.otf]:m
ode=base;script=math;language=dflt;"<6.57-9.3075>s*[0.9999967668407183]"[latinm
odern-math.otf]:mode=base;script=math;language=dflt;+ssty=0;"<-6.57>s*[0.999996
7668407183]"[latinmodern-math.otf]:mode=base;script=math;language=dflt;+ssty=1;
"
(fontspec)             - 'small caps'  (m/sc) with NFSS spec.: 
(fontspec)             and font adjustment code:
(fontspec)             \__um_luatex_copy_fontdimens: 
(fontspec)             - 'bold' (b/n) with NFSS spec.:
(fontspec)             <->s*[0.9999967668407183]"[latinmodern-math.otf]:mode=ba
se;script=math;language=dflt;"
(fontspec)             - 'bold small caps'  (b/sc) with NFSS spec.: 
(fontspec)             and font adjustment code:
(fontspec)             \__um_luatex_copy_fontdimens: 

LaTeX Font Info:    Font shape `TU/latinmodern-math.otf(1)/m/n' will be
(Font)              scaled to size 10.95pt on input line 130.
LaTeX Font Info:    Encoding `OT1' has changed to `TU' for symbol font
(Font)              `operators' in the math version `normal' on input line 130.

LaTeX Font Info:    Overwriting symbol font `operators' in version `normal'
(Font)                  OT1/lmr/m/n --> TU/latinmodern-math.otf(1)/m/n on input
 line 130.
LaTeX Font Info:    Encoding `OT1' has changed to `TU' for symbol font
(Font)              `operators' in the math version `bold' on input line 130.
LaTeX Font Info:    Overwriting symbol font `operators' in version `bold'
(Font)                  OT1/lmr/bx/n --> TU/latinmodern-math.otf(1)/b/n on inpu
t line 130.

Package fontspec Info: latinmodern-math scale = 0.9999967668407183.


Package fontspec Info: latinmodern-math scale = 1.000096766517402.


Package fontspec Info: latinmodern-math scale = 0.9999967668407183.


Package fontspec Info: latinmodern-math scale = 1.000096766517402.


Package fontspec Info: latinmodern-math scale = 0.9999967668407183.


Package fontspec Info: latinmodern-math scale = 1.000096766517402.


Package fontspec Info: latinmodern-math scale = 0.9999967668407183.


Package fontspec Info: latinmodern-math scale = 1.000096766517402.


Package fontspec Info: latinmodern-math scale = 0.9999967668407183.


Package fontspec Info: latinmodern-math scale = 1.000096766517402.


Package fontspec Info: Font family 'latinmodern-math.otf(2)' created for font
(fontspec)             'latinmodern-math.otf' with options
(fontspec)             [Scale=MatchLowercase,Renderer=Basic,BoldItalicFont={},I
talicFont={},SmallCapsFont={},Script=Math,SizeFeatures={{Size=9.3075-},{Size=6.
57-9.3075,Font=latinmodern-math.otf,Style=MathScript},{Size=-6.57,Font=latinmod
ern-math.otf,Style=MathScriptScript}},FontAdjustment={\__um_luatex_copy_fontdim
ens:
(fontspec)             },BoldFont={latinmodern-math.otf},ScaleAgain=1.0001,Font
Adjustment={\fontdimen
(fontspec)             8\font =7.41315pt\relax \fontdimen 9\font
(fontspec)             =4.31429pt\relax \fontdimen 10\font =4.86179pt\relax
(fontspec)             \fontdimen 11\font =7.51169pt\relax \fontdimen 12\font
(fontspec)             =3.77774pt\relax \fontdimen 13\font =3.97484pt\relax
(fontspec)             \fontdimen 14\font =3.97484pt\relax \fontdimen 15\font
(fontspec)             =3.16454pt\relax \fontdimen 16\font =2.70464pt\relax
(fontspec)             \fontdimen 17\font =2.70464pt\relax \fontdimen 18\font
(fontspec)             =2.73749pt\relax \fontdimen 19\font =2.18999pt\relax
(fontspec)             \fontdimen 22\font =2.73749pt\relax \fontdimen 20\font
(fontspec)             =0pt\relax \fontdimen 21\font =0pt\relax }].
(fontspec)              
(fontspec)              This font family consists of the following NFSS
(fontspec)             series/shapes:
(fontspec)              
(fontspec)             - 'normal' (m/n) with NFSS spec.:
(fontspec)             <9.3075->s*[1.000096766517402]"[latinmodern-math.otf]:mo
de=base;script=math;language=dflt;"<6.57-9.3075>s*[1.000096766517402]"[latinmod
ern-math.otf]:mode=base;script=math;language=dflt;+ssty=0;"<-6.57>s*[1.00009676
6517402]"[latinmodern-math.otf]:mode=base;script=math;language=dflt;+ssty=1;"
(fontspec)             - 'small caps'  (m/sc) with NFSS spec.: 
(fontspec)             and font adjustment code:
(fontspec)             \__um_luatex_copy_fontdimens: \fontdimen 8\font
(fontspec)             =7.41315pt\relax \fontdimen 9\font =4.31429pt\relax
(fontspec)             \fontdimen 10\font =4.86179pt\relax \fontdimen 11\font
(fontspec)             =7.51169pt\relax \fontdimen 12\font =3.77774pt\relax
(fontspec)             \fontdimen 13\font =3.97484pt\relax \fontdimen 14\font
(fontspec)             =3.97484pt\relax \fontdimen 15\font =3.16454pt\relax
(fontspec)             \fontdimen 16\font =2.70464pt\relax \fontdimen 17\font
(fontspec)             =2.70464pt\relax \fontdimen 18\font =2.73749pt\relax
(fontspec)             \fontdimen 19\font =2.18999pt\relax \fontdimen 22\font
(fontspec)             =2.73749pt\relax \fontdimen 20\font =0pt\relax
(fontspec)             \fontdimen 21\font =0pt\relax 
(fontspec)             - 'bold' (b/n) with NFSS spec.:
(fontspec)             <->s*[1.000096766517402]"[latinmodern-math.otf]:mode=bas
e;script=math;language=dflt;"
(fontspec)             - 'bold small caps'  (b/sc) with NFSS spec.: 
(fontspec)             and font adjustment code:
(fontspec)             \__um_luatex_copy_fontdimens: \fontdimen 8\font
(fontspec)             =7.41315pt\relax \fontdimen 9\font =4.31429pt\relax
(fontspec)             \fontdimen 10\font =4.86179pt\relax \fontdimen 11\font
(fontspec)             =7.51169pt\relax \fontdimen 12\font =3.77774pt\relax
(fontspec)             \fontdimen 13\font =3.97484pt\relax \fontdimen 14\font
(fontspec)             =3.97484pt\relax \fontdimen 15\font =3.16454pt\relax
(fontspec)             \fontdimen 16\font =2.70464pt\relax \fontdimen 17\font
(fontspec)             =2.70464pt\relax \fontdimen 18\font =2.73749pt\relax
(fontspec)             \fontdimen 19\font =2.18999pt\relax \fontdimen 22\font
(fontspec)             =2.73749pt\relax \fontdimen 20\font =0pt\relax
(fontspec)             \fontdimen 21\font =0pt\relax 

LaTeX Font Info:    Encoding `OMS' has changed to `TU' for symbol font
(Font)              `symbols' in the math version `normal' on input line 130.
LaTeX Font Info:    Overwriting symbol font `symbols' in version `normal'
(Font)                  OMS/lmsy/m/n --> TU/latinmodern-math.otf(2)/m/n on inpu
t line 130.
LaTeX Font Info:    Encoding `OMS' has changed to `TU' for symbol font
(Font)              `symbols' in the math version `bold' on input line 130.
LaTeX Font Info:    Overwriting symbol font `symbols' in version `bold'
(Font)                  OMS/lmsy/b/n --> TU/latinmodern-math.otf(2)/b/n on inpu
t line 130.

Package fontspec Info: latinmodern-math scale = 0.9999967668407183.


Package fontspec Info: latinmodern-math scale = 0.9998967671640342.


Package fontspec Info: latinmodern-math scale = 0.9999967668407183.


Package fontspec Info: latinmodern-math scale = 0.9998967671640342.


Package fontspec Info: latinmodern-math scale = 0.9999967668407183.


Package fontspec Info: latinmodern-math scale = 0.9998967671640342.


Package fontspec Info: latinmodern-math scale = 0.9999967668407183.


Package fontspec Info: latinmodern-math scale = 0.9998967671640342.


Package fontspec Info: latinmodern-math scale = 0.9999967668407183.


Package fontspec Info: latinmodern-math scale = 0.9998967671640342.


Package fontspec Info: Font family 'latinmodern-math.otf(3)' created for font
(fontspec)             'latinmodern-math.otf' with options
(fontspec)             [Scale=MatchLowercase,Renderer=Basic,BoldItalicFont={},I
talicFont={},SmallCapsFont={},Script=Math,SizeFeatures={{Size=9.3075-},{Size=6.
57-9.3075,Font=latinmodern-math.otf,Style=MathScript},{Size=-6.57,Font=latinmod
ern-math.otf,Style=MathScriptScript}},FontAdjustment={\__um_luatex_copy_fontdim
ens:
(fontspec)             },BoldFont={latinmodern-math.otf},ScaleAgain=0.9999,Font
Adjustment={\fontdimen
(fontspec)             8\font =0.43799pt\relax \fontdimen 9\font
(fontspec)             =2.18999pt\relax \fontdimen 10\font =1.82864pt\relax
(fontspec)             \fontdimen 11\font =1.21544pt\relax \fontdimen 12\font
(fontspec)             =6.56999pt\relax \fontdimen 13\font =0pt\relax }].
(fontspec)              
(fontspec)              This font family consists of the following NFSS
(fontspec)             series/shapes:
(fontspec)              
(fontspec)             - 'normal' (m/n) with NFSS spec.:
(fontspec)             <9.3075->s*[0.9998967671640342]"[latinmodern-math.otf]:m
ode=base;script=math;language=dflt;"<6.57-9.3075>s*[0.9998967671640342]"[latinm
odern-math.otf]:mode=base;script=math;language=dflt;+ssty=0;"<-6.57>s*[0.999896
7671640342]"[latinmodern-math.otf]:mode=base;script=math;language=dflt;+ssty=1;
"
(fontspec)             - 'small caps'  (m/sc) with NFSS spec.: 
(fontspec)             and font adjustment code:
(fontspec)             \__um_luatex_copy_fontdimens: \fontdimen 8\font
(fontspec)             =0.43799pt\relax \fontdimen 9\font =2.18999pt\relax
(fontspec)             \fontdimen 10\font =1.82864pt\relax \fontdimen 11\font
(fontspec)             =1.21544pt\relax \fontdimen 12\font =6.56999pt\relax
(fontspec)             \fontdimen 13\font =0pt\relax 
(fontspec)             - 'bold' (b/n) with NFSS spec.:
(fontspec)             <->s*[0.9998967671640342]"[latinmodern-math.otf]:mode=ba
se;script=math;language=dflt;"
(fontspec)             - 'bold small caps'  (b/sc) with NFSS spec.: 
(fontspec)             and font adjustment code:
(fontspec)             \__um_luatex_copy_fontdimens: \fontdimen 8\font
(fontspec)             =0.43799pt\relax \fontdimen 9\font =2.18999pt\relax
(fontspec)             \fontdimen 10\font =1.82864pt\relax \fontdimen 11\font
(fontspec)             =1.21544pt\relax \fontdimen 12\font =6.56999pt\relax
(fontspec)             \fontdimen 13\font =0pt\relax 

LaTeX Font Info:    Encoding `OMX' has changed to `TU' for symbol font
(Font)              `largesymbols' in the math version `normal' on input line 1
30.
LaTeX Font Info:    Overwriting symbol font `largesymbols' in version `normal'
(Font)                  OMX/lmex/m/n --> TU/latinmodern-math.otf(3)/m/n on inpu
t line 130.
LaTeX Font Info:    Encoding `OMX' has changed to `TU' for symbol font
(Font)              `largesymbols' in the math version `bold' on input line 130
.
LaTeX Font Info:    Overwriting symbol font `largesymbols' in version `bold'
(Font)                  OMX/lmex/m/n --> TU/latinmodern-math.otf(3)/b/n on inpu
t line 130.
LaTeX Font Info:    Font shape `TU/latinmodern-math.otf(1)/m/n' will be
(Font)              scaled to size 7.665pt on input line 130.
LaTeX Font Info:    Font shape `TU/latinmodern-math.otf(1)/m/n' will be
(Font)              scaled to size 5.475pt on input line 130.
LaTeX Font Info:    Trying to load font information for OML+lmm on input line 1
30.

(c:/Users/Chantel.Wetzel/AppData/Roaming/TinyTeX/texmf-dist/tex/latex/lm/omllmm
.fd
File: omllmm.fd 2015/05/01 v1.6.1 Font defs for Latin Modern
)
LaTeX Font Info:    Font shape `TU/latinmodern-math.otf(2)/m/n' will be
(Font)              scaled to size 10.95099pt on input line 130.
LaTeX Font Info:    Font shape `TU/latinmodern-math.otf(2)/m/n' will be
(Font)              scaled to size 7.66568pt on input line 130.
LaTeX Font Info:    Font shape `TU/latinmodern-math.otf(2)/m/n' will be
(Font)              scaled to size 5.4755pt on input line 130.
LaTeX Font Info:    Font shape `TU/latinmodern-math.otf(3)/m/n' will be
(Font)              scaled to size 10.94882pt on input line 130.
LaTeX Font Info:    Font shape `TU/latinmodern-math.otf(3)/m/n' will be
(Font)              scaled to size 7.66417pt on input line 130.
LaTeX Font Info:    Font shape `TU/latinmodern-math.otf(3)/m/n' will be
(Font)              scaled to size 5.47441pt on input line 130.
LaTeX Font Info:    Trying to load font information for U+msa on input line 130
.

(c:/Users/Chantel.Wetzel/AppData/Roaming/TinyTeX/texmf-dist/tex/latex/amsfonts/
umsa.fd
File: umsa.fd 2013/01/14 v3.01 AMS symbols A
)
LaTeX Font Info:    Trying to load font information for U+msb on input line 130
.

(c:/Users/Chantel.Wetzel/AppData/Roaming/TinyTeX/texmf-dist/tex/latex/amsfonts/
umsb.fd
File: umsb.fd 2013/01/14 v3.01 AMS symbols B
)
LaTeX Info: Redefining \microtypecontext on input line 130.
Package microtype Info: Generating PDF output.
Package microtype Info: Character protrusion enabled (level 2).
Package microtype Info: Using protrusion set `basicmath'.
Package microtype Info: Automatic font expansion enabled (level 2),
(microtype)             stretch: 20, shrink: 20, step: 1, non-selected.
Package microtype Info: Using default expansion set `alltext-nott'.
LaTeX Info: Redefining \showhyphens on input line 130.
Package microtype Info: No adjustment of tracking.
Package microtype Info: No adjustment of spacing.
Package microtype Info: No adjustment of kerning.

(c:/Users/Chantel.Wetzel/AppData/Roaming/TinyTeX/texmf-dist/tex/latex/microtype
/mt-LatinModernRoman.cfg
File: mt-LatinModernRoman.cfg 2021/02/21 v1.1 microtype config. file: Latin Mod
ern Roman (RS)
)
LaTeX Font Info:    Font shape `TU/latinmodern-math.otf(1)/m/n' will be
(Font)              scaled to size 10.0pt on input line 148.
LaTeX Font Info:    Font shape `TU/latinmodern-math.otf(1)/m/n' will be
(Font)              scaled to size 7.0pt on input line 148.
LaTeX Font Info:    Font shape `TU/latinmodern-math.otf(1)/m/n' will be
(Font)              scaled to size 5.0pt on input line 148.
LaTeX Font Info:    Font shape `TU/latinmodern-math.otf(2)/m/n' will be
(Font)              scaled to size 10.00092pt on input line 148.
LaTeX Font Info:    Font shape `TU/latinmodern-math.otf(2)/m/n' will be
(Font)              scaled to size 7.00064pt on input line 148.
LaTeX Font Info:    Font shape `TU/latinmodern-math.otf(2)/m/n' will be
(Font)              scaled to size 5.00046pt on input line 148.
LaTeX Font Info:    Font shape `TU/latinmodern-math.otf(3)/m/n' will be
(Font)              scaled to size 9.99893pt on input line 148.
LaTeX Font Info:    Font shape `TU/latinmodern-math.otf(3)/m/n' will be
(Font)              scaled to size 6.99925pt on input line 148.
LaTeX Font Info:    Font shape `TU/latinmodern-math.otf(3)/m/n' will be
(Font)              scaled to size 4.99947pt on input line 148.

(c:/Users/Chantel.Wetzel/AppData/Roaming/TinyTeX/texmf-dist/tex/latex/microtype
/mt-msa.cfg
File: mt-msa.cfg 2006/02/04 v1.1 microtype config. file: AMS symbols (a) (RS)
)
(c:/Users/Chantel.Wetzel/AppData/Roaming/TinyTeX/texmf-dist/tex/latex/microtype
/mt-msb.cfg
File: mt-msb.cfg 2005/06/01 v1.0 microtype config. file: AMS symbols (b) (RS)
) [1


\openout5 = _main.upa
{c:/Users/Chantel.Wetzel/AppData/Roaming/TinyTeX/texmf-var/fonts/map/pdftex/updm
ap/pdftex.map}] [2

] (./_main.toc)
\tf@toc=\write6

\openout6 = _main.toc
[3

] [1


]
Package marginnote Info: Using workaround for absolute page number on input lin
e 263.
[2] [3] [4] [5] [6] [7] [8] [9] [10] [11]
Overfull \hbox (23.99998pt too wide) in alignment at lines 813--818
 [][] 
 []


Overfull \hbox (23.99998pt too wide) in alignment at lines 818--823
 [][] 
 []


Overfull \hbox (23.99998pt too wide) in alignment at lines 823--825
 [][] 
 []


Overfull \hbox (23.99998pt too wide) in alignment at lines 825--827
 [][] 
 []


Overfull \hbox (23.99998pt too wide) in alignment at lines 827--838
 [][] 
 []

[12] [13] [14] [15]
Overfull \hbox (7.54723pt too wide) in alignment at lines 1020--1025
 [][][] 
 []


Overfull \hbox (7.54723pt too wide) in alignment at lines 1025--1030
 [][][] 
 []


Overfull \hbox (7.54723pt too wide) in alignment at lines 1030--1032
 [][][] 
 []


Overfull \hbox (7.54723pt too wide) in alignment at lines 1032--1034
 [][][] 
 []


Overfull \hbox (7.54723pt too wide) in alignment at lines 1034--1038
 [][][] 
 []

[16] [17] [18] [19] [20

] [21

] [22

] [23

] [24


] [25] [26] [27] [28]
Overfull \hbox (59.87527pt too wide) in alignment at lines 1471--1476
 [][][][][][][][][][][][][] 
 []


Overfull \hbox (59.87527pt too wide) in alignment at lines 1476--1481
 [][][][][][][][][][][][][] 
 []


Overfull \hbox (59.87527pt too wide) in alignment at lines 1481--1483
 [][][][][][][][][][][][][] 
 []


Overfull \hbox (59.87527pt too wide) in alignment at lines 1483--1485
 [][][][][][][][][][][][][] 
 []


Overfull \hbox (59.87527pt too wide) in alignment at lines 1485--1501
 [][][][][][][][][][][][][] 
 []

[29



]
<figs/assessment_calendar.png, id=466, 757.6305pt x 657.05475pt>
File: figs/assessment_calendar.png Graphic file (type png)
<use figs/assessment_calendar.png>
Package luatex.def Info: figs/assessment_calendar.png  used on input line 1518.

(luatex.def)             Requested size: 398.34pt x 345.4602pt.

AED: lastpage setting LastPage
[30

<./figs/assessment_calendar.png>] (./_main.aux)

LaTeX Warning: There were multiply-defined labels.

)

Here is how much of LuaTeX's memory you used:
 50442 strings out of 478092
 305934,1977958 words of node,token memory allocated
 825 words of node memory still in use:
   7 hlist, 2 vlist, 2 rule, 2 glue, 4 kern, 3 glyph, 72 attribute, 79 glue_spec
, 24 attribute_list, 5 write, 1 close nodes
   avail lists: 1:4,2:22871,3:987,4:485,5:2404,6:483,7:19070,8:47,9:8060,10:15,1
1:576
 68936 multiletter control sequences out of 65536+600000
 74 fonts using 15509263 bytes
 117i,14n,128p,2499b,644s stack positions out of 5000i,500n,10000p,200000b,80000s
<c:/Users/Chantel.Wetzel/AppData/Roaming/TinyTeX/texmf-dist/fonts/opentype/publi
c/lm-math/latinmodern-math.otf><c:/Users/Chantel.Wetzel/AppData/Roaming/TinyTeX/
texmf-dist/fonts/opentype/public/lm/lmroman10-italic.otf><c:/Users/Chantel.Wetze
l/AppData/Roaming/TinyTeX/texmf-dist/fonts/opentype/public/lm-math/latinmodern-m
ath.otf><c:/Users/Chantel.Wetzel/AppData/Roaming/TinyTeX/texmf-dist/fonts/openty
pe/public/lm-math/latinmodern-math.otf><c:/Users/Chantel.Wetzel/AppData/Roaming/
TinyTeX/texmf-dist/fonts/opentype/public/lm/lmroman10-bold.otf><c:/Users/Chantel
.Wetzel/AppData/Roaming/TinyTeX/texmf-dist/fonts/opentype/public/lm/lmroman12-bo
ld.otf><c:/Users/Chantel.Wetzel/AppData/Roaming/TinyTeX/texmf-dist/fonts/opentyp
e/public/lm/lmroman7-regular.otf><c:/Users/Chantel.Wetzel/AppData/Roaming/TinyTe
X/texmf-dist/fonts/opentype/public/lm/lmroman10-regular.otf><c:/Users/Chantel.We
tzel/AppData/Roaming/TinyTeX/texmf-dist/fonts/opentype/public/lm/lmroman12-regul
ar.otf>
Output written on _main.pdf (33 pages, 4805103 bytes).

PDF statistics: 598 PDF objects out of 1000 (max. 8388607)
 94 named destinations out of 1000 (max. 131072)
 1259 words of extra memory for PDF output out of 10000 (max. 100000000)

